execve("/bin/chown", ["chown"], 0x7fff53cf2e40 /* 11 vars */) = 0
brk(NULL)                               = 0x556068b26000
access("/etc/ld.so.nohwcap", F_OK)      = -1 ENOENT (No such file or directory)
access("/etc/ld.so.preload", R_OK)      = -1 ENOENT (No such file or directory)
openat(AT_FDCWD, "/etc/ld.so.cache", O_RDONLY|O_CLOEXEC) = 3
fstat(3, {st_mode=S_IFREG|0644, st_size=11270, ...}) = 0
mmap(NULL, 11270, PROT_READ, MAP_PRIVATE, 3, 0) = 0x7f39ca6bc000
close(3)                                = 0
access("/etc/ld.so.nohwcap", F_OK)      = -1 ENOENT (No such file or directory)
openat(AT_FDCWD, "/lib/x86_64-linux-gnu/libc.so.6", O_RDONLY|O_CLOEXEC) = 3
read(3, "\177ELF\2\1\1\3\0\0\0\0\0\0\0\0\3\0>\0\1\0\0\0\260\34\2\0\0\0\0\0"..., 832) = 832
fstat(3, {st_mode=S_IFREG|0755, st_size=2030544, ...}) = 0
mmap(NULL, 8192, PROT_READ|PROT_WRITE, MAP_PRIVATE|MAP_ANONYMOUS, -1, 0) = 0x7f39ca6ba000
mmap(NULL, 4131552, PROT_READ|PROT_EXEC, MAP_PRIVATE|MAP_DENYWRITE, 3, 0) = 0x7f39ca0a7000
mprotect(0x7f39ca28e000, 2097152, PROT_NONE) = 0
mmap(0x7f39ca48e000, 24576, PROT_READ|PROT_WRITE, MAP_PRIVATE|MAP_FIXED|MAP_DENYWRITE, 3, 0x1e7000) = 0x7f39ca48e000
mmap(0x7f39ca494000, 15072, PROT_READ|PROT_WRITE, MAP_PRIVATE|MAP_FIXED|MAP_ANONYMOUS, -1, 0) = 0x7f39ca494000
close(3)                                = 0
arch_prctl(ARCH_SET_FS, 0x7f39ca6bb540) = 0
mprotect(0x7f39ca48e000, 16384, PROT_READ) = 0
mprotect(0x556066d08000, 4096, PROT_READ) = 0
mprotect(0x7f39ca6bf000, 4096, PROT_READ) = 0
munmap(0x7f39ca6bc000, 11270)           = 0
brk(NULL)                               = 0x556068b26000
brk(0x556068b47000)                     = 0x556068b47000
write(2, "chown: ", 7)                  = 7
write(2, "missing operand", 15)         = 15
write(2, "\n", 1)                       = 1
write(2, "Try 'chown --help' for more info"..., 41) = 41
close(1)                                = 0
close(2)                                = 0
exit_group(1)                           = ?
+++ exited with 1 +++
