execve("/usr/bin/cmp", ["cmp"], 0x7ffddebd92a0 /* 11 vars */) = 0
brk(NULL)                               = 0x55a47e4cb000
access("/etc/ld.so.nohwcap", F_OK)      = -1 ENOENT (No such file or directory)
access("/etc/ld.so.preload", R_OK)      = -1 ENOENT (No such file or directory)
openat(AT_FDCWD, "/etc/ld.so.cache", O_RDONLY|O_CLOEXEC) = 3
fstat(3, {st_mode=S_IFREG|0644, st_size=11270, ...}) = 0
mmap(NULL, 11270, PROT_READ, MAP_PRIVATE, 3, 0) = 0x7fa65d776000
close(3)                                = 0
access("/etc/ld.so.nohwcap", F_OK)      = -1 ENOENT (No such file or directory)
openat(AT_FDCWD, "/lib/x86_64-linux-gnu/libc.so.6", O_RDONLY|O_CLOEXEC) = 3
read(3, "\177ELF\2\1\1\3\0\0\0\0\0\0\0\0\3\0>\0\1\0\0\0\260\34\2\0\0\0\0\0"..., 832) = 832
fstat(3, {st_mode=S_IFREG|0755, st_size=2030544, ...}) = 0
mmap(NULL, 8192, PROT_READ|PROT_WRITE, MAP_PRIVATE|MAP_ANONYMOUS, -1, 0) = 0x7fa65d774000
mmap(NULL, 4131552, PROT_READ|PROT_EXEC, MAP_PRIVATE|MAP_DENYWRITE, 3, 0) = 0x7fa65d161000
mprotect(0x7fa65d348000, 2097152, PROT_NONE) = 0
mmap(0x7fa65d548000, 24576, PROT_READ|PROT_WRITE, MAP_PRIVATE|MAP_FIXED|MAP_DENYWRITE, 3, 0x1e7000) = 0x7fa65d548000
mmap(0x7fa65d54e000, 15072, PROT_READ|PROT_WRITE, MAP_PRIVATE|MAP_FIXED|MAP_ANONYMOUS, -1, 0) = 0x7fa65d54e000
close(3)                                = 0
arch_prctl(ARCH_SET_FS, 0x7fa65d775540) = 0
mprotect(0x7fa65d548000, 16384, PROT_READ) = 0
mprotect(0x55a47d6fd000, 4096, PROT_READ) = 0
mprotect(0x7fa65d779000, 4096, PROT_READ) = 0
munmap(0x7fa65d776000, 11270)           = 0
brk(NULL)                               = 0x55a47e4cb000
brk(0x55a47e4ec000)                     = 0x55a47e4ec000
sigaltstack({ss_sp=0x55a47d6fe240, ss_flags=0, ss_size=8192}, NULL) = 0
rt_sigaction(SIGSEGV, {sa_handler=0x55a47d4f6110, sa_mask=[], sa_flags=SA_RESTORER|SA_ONSTACK|SA_NODEFER|SA_RESETHAND|SA_SIGINFO, sa_restorer=0x7fa65d19ff20}, NULL, 8) = 0
write(2, "cmp: ", 5)                    = 5
write(2, "missing operand after 'cmp'", 27) = 27
write(2, "\n", 1)                       = 1
write(2, "cmp: ", 5)                    = 5
write(2, "Try 'cmp --help' for more inform"..., 38) = 38
write(2, "\n", 1)                       = 1
exit_group(2)                           = ?
+++ exited with 2 +++
