execve("/usr/bin/env", ["env"], 0x7ffe79571700 /* 11 vars */) = 0
brk(NULL)                               = 0x5619bbaf0000
access("/etc/ld.so.nohwcap", F_OK)      = -1 ENOENT (No such file or directory)
access("/etc/ld.so.preload", R_OK)      = -1 ENOENT (No such file or directory)
openat(AT_FDCWD, "/etc/ld.so.cache", O_RDONLY|O_CLOEXEC) = 3
fstat(3, {st_mode=S_IFREG|0644, st_size=11270, ...}) = 0
mmap(NULL, 11270, PROT_READ, MAP_PRIVATE, 3, 0) = 0x7f2af79c9000
close(3)                                = 0
access("/etc/ld.so.nohwcap", F_OK)      = -1 ENOENT (No such file or directory)
openat(AT_FDCWD, "/lib/x86_64-linux-gnu/libc.so.6", O_RDONLY|O_CLOEXEC) = 3
read(3, "\177ELF\2\1\1\3\0\0\0\0\0\0\0\0\3\0>\0\1\0\0\0\260\34\2\0\0\0\0\0"..., 832) = 832
fstat(3, {st_mode=S_IFREG|0755, st_size=2030544, ...}) = 0
mmap(NULL, 8192, PROT_READ|PROT_WRITE, MAP_PRIVATE|MAP_ANONYMOUS, -1, 0) = 0x7f2af79c7000
mmap(NULL, 4131552, PROT_READ|PROT_EXEC, MAP_PRIVATE|MAP_DENYWRITE, 3, 0) = 0x7f2af73b4000
mprotect(0x7f2af759b000, 2097152, PROT_NONE) = 0
mmap(0x7f2af779b000, 24576, PROT_READ|PROT_WRITE, MAP_PRIVATE|MAP_FIXED|MAP_DENYWRITE, 3, 0x1e7000) = 0x7f2af779b000
mmap(0x7f2af77a1000, 15072, PROT_READ|PROT_WRITE, MAP_PRIVATE|MAP_FIXED|MAP_ANONYMOUS, -1, 0) = 0x7f2af77a1000
close(3)                                = 0
arch_prctl(ARCH_SET_FS, 0x7f2af79c8540) = 0
mprotect(0x7f2af779b000, 16384, PROT_READ) = 0
mprotect(0x5619ba43d000, 4096, PROT_READ) = 0
mprotect(0x7f2af79cc000, 4096, PROT_READ) = 0
munmap(0x7f2af79c9000, 11270)           = 0
brk(NULL)                               = 0x5619bbaf0000
brk(0x5619bbb11000)                     = 0x5619bbb11000
fstat(1, {st_mode=S_IFCHR|0620, st_rdev=makedev(136, 0), ...}) = 0
write(1, "LS_COLORS=rs=0:di=01;34:ln=01;36"..., 1024) = 1024
write(1, "webm=01;35:*.ogm=01;35:*.mp4=01;"..., 492) = 492
write(1, "LESSCLOSE=/usr/bin/lesspipe %s %"..., 34) = 34
write(1, "HOSTNAME=d2350e109e27\n", 22) = 22
write(1, "PWD=/trace\n", 11)            = 11
write(1, "HOME=/root\n", 11)            = 11
write(1, "TERM=xterm\n", 11)            = 11
write(1, "SHLVL=1\n", 8)                = 8
write(1, "PATH=/usr/local/sbin:/usr/local/"..., 66) = 66
write(1, "LESSOPEN=| /usr/bin/lesspipe %s\n", 32) = 32
write(1, "_=/usr/bin/strace\n", 18)     = 18
write(1, "OLDPWD=/\n", 9)               = 9
close(1)                                = 0
close(2)                                = 0
exit_group(0)                           = ?
+++ exited with 0 +++
