execve("/usr/bin/find", ["find"], 0x7ffd46b310a0 /* 11 vars */) = 0
brk(NULL)                               = 0x562432fcb000
access("/etc/ld.so.nohwcap", F_OK)      = -1 ENOENT (No such file or directory)
access("/etc/ld.so.preload", R_OK)      = -1 ENOENT (No such file or directory)
openat(AT_FDCWD, "/etc/ld.so.cache", O_RDONLY|O_CLOEXEC) = 3
fstat(3, {st_mode=S_IFREG|0644, st_size=11270, ...}) = 0
mmap(NULL, 11270, PROT_READ, MAP_PRIVATE, 3, 0) = 0x7ff5d2c27000
close(3)                                = 0
access("/etc/ld.so.nohwcap", F_OK)      = -1 ENOENT (No such file or directory)
openat(AT_FDCWD, "/lib/x86_64-linux-gnu/libselinux.so.1", O_RDONLY|O_CLOEXEC) = 3
read(3, "\177ELF\2\1\1\0\0\0\0\0\0\0\0\0\3\0>\0\1\0\0\0\20b\0\0\0\0\0\0"..., 832) = 832
fstat(3, {st_mode=S_IFREG|0644, st_size=154832, ...}) = 0
mmap(NULL, 8192, PROT_READ|PROT_WRITE, MAP_PRIVATE|MAP_ANONYMOUS, -1, 0) = 0x7ff5d2c25000
mmap(NULL, 2259152, PROT_READ|PROT_EXEC, MAP_PRIVATE|MAP_DENYWRITE, 3, 0) = 0x7ff5d27db000
mprotect(0x7ff5d2800000, 2093056, PROT_NONE) = 0
mmap(0x7ff5d29ff000, 8192, PROT_READ|PROT_WRITE, MAP_PRIVATE|MAP_FIXED|MAP_DENYWRITE, 3, 0x24000) = 0x7ff5d29ff000
mmap(0x7ff5d2a01000, 6352, PROT_READ|PROT_WRITE, MAP_PRIVATE|MAP_FIXED|MAP_ANONYMOUS, -1, 0) = 0x7ff5d2a01000
close(3)                                = 0
access("/etc/ld.so.nohwcap", F_OK)      = -1 ENOENT (No such file or directory)
openat(AT_FDCWD, "/lib/x86_64-linux-gnu/libm.so.6", O_RDONLY|O_CLOEXEC) = 3
read(3, "\177ELF\2\1\1\3\0\0\0\0\0\0\0\0\3\0>\0\1\0\0\0\200\272\0\0\0\0\0\0"..., 832) = 832
fstat(3, {st_mode=S_IFREG|0644, st_size=1700792, ...}) = 0
mmap(NULL, 3789144, PROT_READ|PROT_EXEC, MAP_PRIVATE|MAP_DENYWRITE, 3, 0) = 0x7ff5d243d000
mprotect(0x7ff5d25da000, 2093056, PROT_NONE) = 0
mmap(0x7ff5d27d9000, 8192, PROT_READ|PROT_WRITE, MAP_PRIVATE|MAP_FIXED|MAP_DENYWRITE, 3, 0x19c000) = 0x7ff5d27d9000
close(3)                                = 0
access("/etc/ld.so.nohwcap", F_OK)      = -1 ENOENT (No such file or directory)
openat(AT_FDCWD, "/lib/x86_64-linux-gnu/libc.so.6", O_RDONLY|O_CLOEXEC) = 3
read(3, "\177ELF\2\1\1\3\0\0\0\0\0\0\0\0\3\0>\0\1\0\0\0\260\34\2\0\0\0\0\0"..., 832) = 832
fstat(3, {st_mode=S_IFREG|0755, st_size=2030544, ...}) = 0
mmap(NULL, 4131552, PROT_READ|PROT_EXEC, MAP_PRIVATE|MAP_DENYWRITE, 3, 0) = 0x7ff5d204c000
mprotect(0x7ff5d2233000, 2097152, PROT_NONE) = 0
mmap(0x7ff5d2433000, 24576, PROT_READ|PROT_WRITE, MAP_PRIVATE|MAP_FIXED|MAP_DENYWRITE, 3, 0x1e7000) = 0x7ff5d2433000
mmap(0x7ff5d2439000, 15072, PROT_READ|PROT_WRITE, MAP_PRIVATE|MAP_FIXED|MAP_ANONYMOUS, -1, 0) = 0x7ff5d2439000
close(3)                                = 0
access("/etc/ld.so.nohwcap", F_OK)      = -1 ENOENT (No such file or directory)
openat(AT_FDCWD, "/lib/x86_64-linux-gnu/libpcre.so.3", O_RDONLY|O_CLOEXEC) = 3
read(3, "\177ELF\2\1\1\0\0\0\0\0\0\0\0\0\3\0>\0\1\0\0\0 \25\0\0\0\0\0\0"..., 832) = 832
fstat(3, {st_mode=S_IFREG|0644, st_size=464824, ...}) = 0
mmap(NULL, 2560264, PROT_READ|PROT_EXEC, MAP_PRIVATE|MAP_DENYWRITE, 3, 0) = 0x7ff5d1dda000
mprotect(0x7ff5d1e4a000, 2097152, PROT_NONE) = 0
mmap(0x7ff5d204a000, 8192, PROT_READ|PROT_WRITE, MAP_PRIVATE|MAP_FIXED|MAP_DENYWRITE, 3, 0x70000) = 0x7ff5d204a000
close(3)                                = 0
access("/etc/ld.so.nohwcap", F_OK)      = -1 ENOENT (No such file or directory)
openat(AT_FDCWD, "/lib/x86_64-linux-gnu/libdl.so.2", O_RDONLY|O_CLOEXEC) = 3
read(3, "\177ELF\2\1\1\0\0\0\0\0\0\0\0\0\3\0>\0\1\0\0\0P\16\0\0\0\0\0\0"..., 832) = 832
fstat(3, {st_mode=S_IFREG|0644, st_size=14560, ...}) = 0
mmap(NULL, 2109712, PROT_READ|PROT_EXEC, MAP_PRIVATE|MAP_DENYWRITE, 3, 0) = 0x7ff5d1bd6000
mprotect(0x7ff5d1bd9000, 2093056, PROT_NONE) = 0
mmap(0x7ff5d1dd8000, 8192, PROT_READ|PROT_WRITE, MAP_PRIVATE|MAP_FIXED|MAP_DENYWRITE, 3, 0x2000) = 0x7ff5d1dd8000
close(3)                                = 0
access("/etc/ld.so.nohwcap", F_OK)      = -1 ENOENT (No such file or directory)
openat(AT_FDCWD, "/lib/x86_64-linux-gnu/libpthread.so.0", O_RDONLY|O_CLOEXEC) = 3
read(3, "\177ELF\2\1\1\0\0\0\0\0\0\0\0\0\3\0>\0\1\0\0\0000b\0\0\0\0\0\0"..., 832) = 832
fstat(3, {st_mode=S_IFREG|0755, st_size=144976, ...}) = 0
mmap(NULL, 2221184, PROT_READ|PROT_EXEC, MAP_PRIVATE|MAP_DENYWRITE, 3, 0) = 0x7ff5d19b7000
mprotect(0x7ff5d19d1000, 2093056, PROT_NONE) = 0
mmap(0x7ff5d1bd0000, 8192, PROT_READ|PROT_WRITE, MAP_PRIVATE|MAP_FIXED|MAP_DENYWRITE, 3, 0x19000) = 0x7ff5d1bd0000
mmap(0x7ff5d1bd2000, 13440, PROT_READ|PROT_WRITE, MAP_PRIVATE|MAP_FIXED|MAP_ANONYMOUS, -1, 0) = 0x7ff5d1bd2000
close(3)                                = 0
mmap(NULL, 8192, PROT_READ|PROT_WRITE, MAP_PRIVATE|MAP_ANONYMOUS, -1, 0) = 0x7ff5d2c23000
mmap(NULL, 12288, PROT_READ|PROT_WRITE, MAP_PRIVATE|MAP_ANONYMOUS, -1, 0) = 0x7ff5d2c20000
arch_prctl(ARCH_SET_FS, 0x7ff5d2c20800) = 0
mprotect(0x7ff5d2433000, 16384, PROT_READ) = 0
mprotect(0x7ff5d1bd0000, 4096, PROT_READ) = 0
mprotect(0x7ff5d1dd8000, 4096, PROT_READ) = 0
mprotect(0x7ff5d204a000, 4096, PROT_READ) = 0
mprotect(0x7ff5d27d9000, 4096, PROT_READ) = 0
mprotect(0x7ff5d29ff000, 4096, PROT_READ) = 0
mprotect(0x562432896000, 8192, PROT_READ) = 0
mprotect(0x7ff5d2c2a000, 4096, PROT_READ) = 0
munmap(0x7ff5d2c27000, 11270)           = 0
set_tid_address(0x7ff5d2c20ad0)         = 87
set_robust_list(0x7ff5d2c20ae0, 24)     = 0
rt_sigaction(SIGRTMIN, {sa_handler=0x7ff5d19bccb0, sa_mask=[], sa_flags=SA_RESTORER|SA_SIGINFO, sa_restorer=0x7ff5d19c9890}, NULL, 8) = 0
rt_sigaction(SIGRT_1, {sa_handler=0x7ff5d19bcd50, sa_mask=[], sa_flags=SA_RESTORER|SA_RESTART|SA_SIGINFO, sa_restorer=0x7ff5d19c9890}, NULL, 8) = 0
rt_sigprocmask(SIG_UNBLOCK, [RTMIN RT_1], NULL, 8) = 0
prlimit64(0, RLIMIT_STACK, NULL, {rlim_cur=8192*1024, rlim_max=RLIM64_INFINITY}) = 0
statfs("/sys/fs/selinux", 0x7ffee4f452f0) = -1 ENOENT (No such file or directory)
statfs("/selinux", 0x7ffee4f452f0)      = -1 ENOENT (No such file or directory)
brk(NULL)                               = 0x562432fcb000
brk(0x562432fec000)                     = 0x562432fec000
openat(AT_FDCWD, "/proc/filesystems", O_RDONLY|O_CLOEXEC) = 3
fstat(3, {st_mode=S_IFREG|0444, st_size=0, ...}) = 0
read(3, "nodev\tsysfs\nnodev\trootfs\nnodev\tr"..., 1024) = 440
read(3, "", 1024)                       = 0
close(3)                                = 0
access("/etc/selinux/config", F_OK)     = -1 ENOENT (No such file or directory)
openat(AT_FDCWD, ".", O_RDONLY)         = 3
fcntl(3, F_GETFD)                       = 0
fcntl(3, F_SETFD, FD_CLOEXEC)           = 0
uname({sysname="Linux", nodename="d2350e109e27", ...}) = 0
ioctl(0, TCGETS, {B38400 opost isig icanon echo ...}) = 0
gettimeofday({tv_sec=1580391704, tv_usec=572138}, NULL) = 0
ioctl(1, TCGETS, {B38400 opost isig icanon echo ...}) = 0
newfstatat(AT_FDCWD, ".", {st_mode=S_IFDIR|0777, st_size=12288, ...}, AT_SYMLINK_NOFOLLOW) = 0
fstat(1, {st_mode=S_IFCHR|0620, st_rdev=makedev(136, 0), ...}) = 0
write(1, ".\n", 2)                      = 2
openat(AT_FDCWD, ".", O_RDONLY|O_NOCTTY|O_NONBLOCK|O_NOFOLLOW|O_DIRECTORY) = 4
fcntl(4, F_GETFD)                       = 0
fcntl(4, F_SETFD, FD_CLOEXEC)           = 0
fstat(4, {st_mode=S_IFDIR|0777, st_size=12288, ...}) = 0
fcntl(4, F_GETFL)                       = 0x38800 (flags O_RDONLY|O_NONBLOCK|O_LARGEFILE|O_NOFOLLOW|O_DIRECTORY)
fcntl(4, F_SETFD, FD_CLOEXEC)           = 0
newfstatat(AT_FDCWD, ".", {st_mode=S_IFDIR|0777, st_size=12288, ...}, AT_SYMLINK_NOFOLLOW) = 0
fstatfs(-100, 0x7ffee4f450a0)           = -1 EBADF (Bad file descriptor)
fcntl(4, F_DUPFD, 3)                    = 5
fcntl(5, F_GETFD)                       = 0
fcntl(5, F_SETFD, FD_CLOEXEC)           = 0
getdents(4, /* 42 entries */, 32768)    = 1368
getdents(4, /* 0 entries */, 32768)     = 0
close(4)                                = 0
fcntl(5, F_DUPFD_CLOEXEC, 0)            = 4
write(1, "./a.trace\n", 10)             = 10
write(1, "./alias\n", 8)                = 8
write(1, "./alias.trace\n", 14)         = 14
write(1, "./arp.trace\n", 12)           = 12
write(1, "./cat.trace\n", 12)           = 12
write(1, "./chown.trace\n", 14)         = 14
write(1, "./cmp.trace\n", 12)           = 12
write(1, "./df.trace\n", 11)            = 11
write(1, "./Dockerfile\n", 13)          = 13
write(1, "./du.trace\n", 11)            = 11
write(1, "./echo.trace\n", 13)          = 13
write(1, "./env.trace\n", 12)           = 12
write(1, "./find.trace\n", 13)          = 13
write(1, "./free.trace\n", 13)          = 13
write(1, "./ftp.trace\n", 12)           = 12
write(1, "./ifconfig.trace\n", 17)      = 17
write(1, "./info.trace\n", 13)          = 13
write(1, "./last.trace\n", 13)          = 13
write(1, "./locate.trace\n", 15)        = 15
write(1, "./man.trace\n", 12)           = 12
write(1, "./mount.trace\n", 14)         = 14
write(1, "./nano.trace\n", 13)          = 13
write(1, "./netstat.trace\n", 16)       = 16
write(1, "./nslookup.trace\n", 17)      = 17
write(1, "./ping.trace\n", 13)          = 13
write(1, "./pkill.trace\n", 14)         = 14
write(1, "./pmap.trace\n", 13)          = 13
write(1, "./ps.trace\n", 11)            = 11
write(1, "./pwd.trace\n", 12)           = 12
write(1, "./route.trace\n", 14)         = 14
write(1, "./service.trace\n", 16)       = 16
write(1, "./sftp.trace\n", 13)          = 13
write(1, "./shred.trace\n", 14)         = 14
write(1, "./sudo.trace\n", 13)          = 13
write(1, "./top.trace\n", 12)           = 12
write(1, "./traceroute.trace\n", 19)    = 19
write(1, "./uptime.trace\n", 15)        = 15
write(1, "./user.trace\n", 13)          = 13
write(1, "./users.trace\n", 14)         = 14
write(1, "./wget.trace\n", 13)          = 13
close(5)                                = 0
close(4)                                = 0
fchdir(3)                               = 0
close(3)                                = 0
close(1)                                = 0
close(2)                                = 0
exit_group(0)                           = ?
+++ exited with 0 +++
