execve("/usr/bin/last", ["last"], 0x7ffd7af569f0 /* 11 vars */) = 0
brk(NULL)                               = 0x55ef76960000
access("/etc/ld.so.nohwcap", F_OK)      = -1 ENOENT (No such file or directory)
access("/etc/ld.so.preload", R_OK)      = -1 ENOENT (No such file or directory)
openat(AT_FDCWD, "/etc/ld.so.cache", O_RDONLY|O_CLOEXEC) = 3
fstat(3, {st_mode=S_IFREG|0644, st_size=11270, ...}) = 0
mmap(NULL, 11270, PROT_READ, MAP_PRIVATE, 3, 0) = 0x7f40856b8000
close(3)                                = 0
access("/etc/ld.so.nohwcap", F_OK)      = -1 ENOENT (No such file or directory)
openat(AT_FDCWD, "/lib/x86_64-linux-gnu/librt.so.1", O_RDONLY|O_CLOEXEC) = 3
read(3, "\177ELF\2\1\1\0\0\0\0\0\0\0\0\0\3\0>\0\1\0\0\0\0\"\0\0\0\0\0\0"..., 832) = 832
fstat(3, {st_mode=S_IFREG|0644, st_size=31680, ...}) = 0
mmap(NULL, 8192, PROT_READ|PROT_WRITE, MAP_PRIVATE|MAP_ANONYMOUS, -1, 0) = 0x7f40856b6000
mmap(NULL, 2128864, PROT_READ|PROT_EXEC, MAP_PRIVATE|MAP_DENYWRITE, 3, 0) = 0x7f408528c000
mprotect(0x7f4085293000, 2093056, PROT_NONE) = 0
mmap(0x7f4085492000, 8192, PROT_READ|PROT_WRITE, MAP_PRIVATE|MAP_FIXED|MAP_DENYWRITE, 3, 0x6000) = 0x7f4085492000
close(3)                                = 0
access("/etc/ld.so.nohwcap", F_OK)      = -1 ENOENT (No such file or directory)
openat(AT_FDCWD, "/lib/x86_64-linux-gnu/libc.so.6", O_RDONLY|O_CLOEXEC) = 3
read(3, "\177ELF\2\1\1\3\0\0\0\0\0\0\0\0\3\0>\0\1\0\0\0\260\34\2\0\0\0\0\0"..., 832) = 832
fstat(3, {st_mode=S_IFREG|0755, st_size=2030544, ...}) = 0
mmap(NULL, 4131552, PROT_READ|PROT_EXEC, MAP_PRIVATE|MAP_DENYWRITE, 3, 0) = 0x7f4084e9b000
mprotect(0x7f4085082000, 2097152, PROT_NONE) = 0
mmap(0x7f4085282000, 24576, PROT_READ|PROT_WRITE, MAP_PRIVATE|MAP_FIXED|MAP_DENYWRITE, 3, 0x1e7000) = 0x7f4085282000
mmap(0x7f4085288000, 15072, PROT_READ|PROT_WRITE, MAP_PRIVATE|MAP_FIXED|MAP_ANONYMOUS, -1, 0) = 0x7f4085288000
close(3)                                = 0
access("/etc/ld.so.nohwcap", F_OK)      = -1 ENOENT (No such file or directory)
openat(AT_FDCWD, "/lib/x86_64-linux-gnu/libpthread.so.0", O_RDONLY|O_CLOEXEC) = 3
read(3, "\177ELF\2\1\1\0\0\0\0\0\0\0\0\0\3\0>\0\1\0\0\0000b\0\0\0\0\0\0"..., 832) = 832
fstat(3, {st_mode=S_IFREG|0755, st_size=144976, ...}) = 0
mmap(NULL, 2221184, PROT_READ|PROT_EXEC, MAP_PRIVATE|MAP_DENYWRITE, 3, 0) = 0x7f4084c7c000
mprotect(0x7f4084c96000, 2093056, PROT_NONE) = 0
mmap(0x7f4084e95000, 8192, PROT_READ|PROT_WRITE, MAP_PRIVATE|MAP_FIXED|MAP_DENYWRITE, 3, 0x19000) = 0x7f4084e95000
mmap(0x7f4084e97000, 13440, PROT_READ|PROT_WRITE, MAP_PRIVATE|MAP_FIXED|MAP_ANONYMOUS, -1, 0) = 0x7f4084e97000
close(3)                                = 0
mmap(NULL, 12288, PROT_READ|PROT_WRITE, MAP_PRIVATE|MAP_ANONYMOUS, -1, 0) = 0x7f40856b3000
arch_prctl(ARCH_SET_FS, 0x7f40856b3740) = 0
mprotect(0x7f4085282000, 16384, PROT_READ) = 0
mprotect(0x7f4084e95000, 4096, PROT_READ) = 0
mprotect(0x7f4085492000, 4096, PROT_READ) = 0
mprotect(0x55ef75e62000, 4096, PROT_READ) = 0
mprotect(0x7f40856bb000, 4096, PROT_READ) = 0
munmap(0x7f40856b8000, 11270)           = 0
set_tid_address(0x7f40856b3a10)         = 21
set_robust_list(0x7f40856b3a20, 24)     = 0
rt_sigaction(SIGRTMIN, {sa_handler=0x7f4084c81cb0, sa_mask=[], sa_flags=SA_RESTORER|SA_SIGINFO, sa_restorer=0x7f4084c8e890}, NULL, 8) = 0
rt_sigaction(SIGRT_1, {sa_handler=0x7f4084c81d50, sa_mask=[], sa_flags=SA_RESTORER|SA_RESTART|SA_SIGINFO, sa_restorer=0x7f4084c8e890}, NULL, 8) = 0
rt_sigprocmask(SIG_UNBLOCK, [RTMIN RT_1], NULL, 8) = 0
prlimit64(0, RLIMIT_STACK, NULL, {rlim_cur=8192*1024, rlim_max=RLIM64_INFINITY}) = 0
brk(NULL)                               = 0x55ef76960000
brk(0x55ef76981000)                     = 0x55ef76981000
gettimeofday({tv_sec=1580390206, tv_usec=945458}, NULL) = 0
clock_gettime(CLOCK_BOOTTIME, {tv_sec=1973, tv_nsec=647987700}) = 0
rt_sigaction(SIGINT, {sa_handler=0x55ef75c5c870, sa_mask=[INT], sa_flags=SA_RESTORER|SA_RESTART, sa_restorer=0x7f4084ed9f20}, {sa_handler=SIG_DFL, sa_mask=[], sa_flags=0}, 8) = 0
rt_sigaction(SIGQUIT, {sa_handler=0x55ef75c5c820, sa_mask=[QUIT], sa_flags=SA_RESTORER|SA_RESTART, sa_restorer=0x7f4084ed9f20}, {sa_handler=SIG_DFL, sa_mask=[], sa_flags=0}, 8) = 0
openat(AT_FDCWD, "/var/log/wtmp", O_RDONLY) = 3
fstat(3, {st_mode=S_IFREG|0664, st_size=0, ...}) = 0
read(3, "", 4096)                       = 0
fstat(3, {st_mode=S_IFREG|0664, st_size=0, ...}) = 0
fstat(3, {st_mode=S_IFREG|0664, st_size=0, ...}) = 0
lseek(3, 0, SEEK_SET)                   = 0
openat(AT_FDCWD, "/etc/localtime", O_RDONLY|O_CLOEXEC) = -1 ENOENT (No such file or directory)
fstat(1, {st_mode=S_IFCHR|0620, st_rdev=makedev(136, 0), ...}) = 0
write(1, "\n", 1)                       = 1
write(1, "wtmp begins Fri Jan 17 14:47:57 "..., 37) = 37
close(3)                                = 0
close(1)                                = 0
close(2)                                = 0
exit_group(0)                           = ?
+++ exited with 0 +++
