execve("/bin/ps", ["ps"], 0x7ffe1ba810c0 /* 11 vars */) = 0
brk(NULL)                               = 0x557371108000
access("/etc/ld.so.nohwcap", F_OK)      = -1 ENOENT (No such file or directory)
access("/etc/ld.so.preload", R_OK)      = -1 ENOENT (No such file or directory)
openat(AT_FDCWD, "/etc/ld.so.cache", O_RDONLY|O_CLOEXEC) = 3
fstat(3, {st_mode=S_IFREG|0644, st_size=11270, ...}) = 0
mmap(NULL, 11270, PROT_READ, MAP_PRIVATE, 3, 0) = 0x7f9e7a944000
close(3)                                = 0
access("/etc/ld.so.nohwcap", F_OK)      = -1 ENOENT (No such file or directory)
openat(AT_FDCWD, "/lib/x86_64-linux-gnu/libprocps.so.6", O_RDONLY|O_CLOEXEC) = 3
read(3, "\177ELF\2\1\1\0\0\0\0\0\0\0\0\0\3\0>\0\1\0\0\0\340@\0\0\0\0\0\0"..., 832) = 832
fstat(3, {st_mode=S_IFREG|0644, st_size=71712, ...}) = 0
mmap(NULL, 8192, PROT_READ|PROT_WRITE, MAP_PRIVATE|MAP_ANONYMOUS, -1, 0) = 0x7f9e7a942000
mmap(NULL, 2244440, PROT_READ|PROT_EXEC, MAP_PRIVATE|MAP_DENYWRITE, 3, 0) = 0x7f9e7a4fc000
mprotect(0x7f9e7a50c000, 2093056, PROT_NONE) = 0
mmap(0x7f9e7a70b000, 12288, PROT_READ|PROT_WRITE, MAP_PRIVATE|MAP_FIXED|MAP_DENYWRITE, 3, 0xf000) = 0x7f9e7a70b000
mmap(0x7f9e7a70e000, 73560, PROT_READ|PROT_WRITE, MAP_PRIVATE|MAP_FIXED|MAP_ANONYMOUS, -1, 0) = 0x7f9e7a70e000
close(3)                                = 0
access("/etc/ld.so.nohwcap", F_OK)      = -1 ENOENT (No such file or directory)
openat(AT_FDCWD, "/lib/x86_64-linux-gnu/libdl.so.2", O_RDONLY|O_CLOEXEC) = 3
read(3, "\177ELF\2\1\1\0\0\0\0\0\0\0\0\0\3\0>\0\1\0\0\0P\16\0\0\0\0\0\0"..., 832) = 832
fstat(3, {st_mode=S_IFREG|0644, st_size=14560, ...}) = 0
mmap(NULL, 2109712, PROT_READ|PROT_EXEC, MAP_PRIVATE|MAP_DENYWRITE, 3, 0) = 0x7f9e7a2f8000
mprotect(0x7f9e7a2fb000, 2093056, PROT_NONE) = 0
mmap(0x7f9e7a4fa000, 8192, PROT_READ|PROT_WRITE, MAP_PRIVATE|MAP_FIXED|MAP_DENYWRITE, 3, 0x2000) = 0x7f9e7a4fa000
close(3)                                = 0
access("/etc/ld.so.nohwcap", F_OK)      = -1 ENOENT (No such file or directory)
openat(AT_FDCWD, "/lib/x86_64-linux-gnu/libc.so.6", O_RDONLY|O_CLOEXEC) = 3
read(3, "\177ELF\2\1\1\3\0\0\0\0\0\0\0\0\3\0>\0\1\0\0\0\260\34\2\0\0\0\0\0"..., 832) = 832
fstat(3, {st_mode=S_IFREG|0755, st_size=2030544, ...}) = 0
mmap(NULL, 4131552, PROT_READ|PROT_EXEC, MAP_PRIVATE|MAP_DENYWRITE, 3, 0) = 0x7f9e79f07000
mprotect(0x7f9e7a0ee000, 2097152, PROT_NONE) = 0
mmap(0x7f9e7a2ee000, 24576, PROT_READ|PROT_WRITE, MAP_PRIVATE|MAP_FIXED|MAP_DENYWRITE, 3, 0x1e7000) = 0x7f9e7a2ee000
mmap(0x7f9e7a2f4000, 15072, PROT_READ|PROT_WRITE, MAP_PRIVATE|MAP_FIXED|MAP_ANONYMOUS, -1, 0) = 0x7f9e7a2f4000
close(3)                                = 0
access("/etc/ld.so.nohwcap", F_OK)      = -1 ENOENT (No such file or directory)
openat(AT_FDCWD, "/lib/x86_64-linux-gnu/libsystemd.so.0", O_RDONLY|O_CLOEXEC) = 3
read(3, "\177ELF\2\1\1\0\0\0\0\0\0\0\0\0\3\0>\0\1\0\0\0\200\323\0\0\0\0\0\0"..., 832) = 832
fstat(3, {st_mode=S_IFREG|0644, st_size=536648, ...}) = 0
mmap(NULL, 2634312, PROT_READ|PROT_EXEC, MAP_PRIVATE|MAP_DENYWRITE, 3, 0) = 0x7f9e79c83000
mprotect(0x7f9e79d03000, 2093056, PROT_NONE) = 0
mmap(0x7f9e79f02000, 16384, PROT_READ|PROT_WRITE, MAP_PRIVATE|MAP_FIXED|MAP_DENYWRITE, 3, 0x7f000) = 0x7f9e79f02000
mmap(0x7f9e79f06000, 584, PROT_READ|PROT_WRITE, MAP_PRIVATE|MAP_FIXED|MAP_ANONYMOUS, -1, 0) = 0x7f9e79f06000
close(3)                                = 0
access("/etc/ld.so.nohwcap", F_OK)      = -1 ENOENT (No such file or directory)
openat(AT_FDCWD, "/lib/x86_64-linux-gnu/librt.so.1", O_RDONLY|O_CLOEXEC) = 3
read(3, "\177ELF\2\1\1\0\0\0\0\0\0\0\0\0\3\0>\0\1\0\0\0\0\"\0\0\0\0\0\0"..., 832) = 832
fstat(3, {st_mode=S_IFREG|0644, st_size=31680, ...}) = 0
mmap(NULL, 2128864, PROT_READ|PROT_EXEC, MAP_PRIVATE|MAP_DENYWRITE, 3, 0) = 0x7f9e79a7b000
mprotect(0x7f9e79a82000, 2093056, PROT_NONE) = 0
mmap(0x7f9e79c81000, 8192, PROT_READ|PROT_WRITE, MAP_PRIVATE|MAP_FIXED|MAP_DENYWRITE, 3, 0x6000) = 0x7f9e79c81000
close(3)                                = 0
access("/etc/ld.so.nohwcap", F_OK)      = -1 ENOENT (No such file or directory)
openat(AT_FDCWD, "/lib/x86_64-linux-gnu/liblzma.so.5", O_RDONLY|O_CLOEXEC) = 3
read(3, "\177ELF\2\1\1\0\0\0\0\0\0\0\0\0\3\0>\0\1\0\0\0\340(\0\0\0\0\0\0"..., 832) = 832
fstat(3, {st_mode=S_IFREG|0644, st_size=153984, ...}) = 0
mmap(NULL, 2248968, PROT_READ|PROT_EXEC, MAP_PRIVATE|MAP_DENYWRITE, 3, 0) = 0x7f9e79855000
mprotect(0x7f9e79879000, 2097152, PROT_NONE) = 0
mmap(0x7f9e79a79000, 8192, PROT_READ|PROT_WRITE, MAP_PRIVATE|MAP_FIXED|MAP_DENYWRITE, 3, 0x24000) = 0x7f9e79a79000
close(3)                                = 0
access("/etc/ld.so.nohwcap", F_OK)      = -1 ENOENT (No such file or directory)
openat(AT_FDCWD, "/usr/lib/x86_64-linux-gnu/liblz4.so.1", O_RDONLY|O_CLOEXEC) = 3
read(3, "\177ELF\2\1\1\0\0\0\0\0\0\0\0\0\3\0>\0\1\0\0\0\240\35\0\0\0\0\0\0"..., 832) = 832
fstat(3, {st_mode=S_IFREG|0644, st_size=112672, ...}) = 0
mmap(NULL, 8192, PROT_READ|PROT_WRITE, MAP_PRIVATE|MAP_ANONYMOUS, -1, 0) = 0x7f9e7a940000
mmap(NULL, 2207840, PROT_READ|PROT_EXEC, MAP_PRIVATE|MAP_DENYWRITE, 3, 0) = 0x7f9e79639000
mprotect(0x7f9e79654000, 2093056, PROT_NONE) = 0
mmap(0x7f9e79853000, 8192, PROT_READ|PROT_WRITE, MAP_PRIVATE|MAP_FIXED|MAP_DENYWRITE, 3, 0x1a000) = 0x7f9e79853000
close(3)                                = 0
access("/etc/ld.so.nohwcap", F_OK)      = -1 ENOENT (No such file or directory)
openat(AT_FDCWD, "/lib/x86_64-linux-gnu/libgcrypt.so.20", O_RDONLY|O_CLOEXEC) = 3
read(3, "\177ELF\2\1\1\0\0\0\0\0\0\0\0\0\3\0>\0\1\0\0\0\0\274\0\0\0\0\0\0"..., 832) = 832
fstat(3, {st_mode=S_IFREG|0644, st_size=1155768, ...}) = 0
mmap(NULL, 3252232, PROT_READ|PROT_EXEC, MAP_PRIVATE|MAP_DENYWRITE, 3, 0) = 0x7f9e7931e000
mprotect(0x7f9e79432000, 2093056, PROT_NONE) = 0
mmap(0x7f9e79631000, 28672, PROT_READ|PROT_WRITE, MAP_PRIVATE|MAP_FIXED|MAP_DENYWRITE, 3, 0x113000) = 0x7f9e79631000
mmap(0x7f9e79638000, 8, PROT_READ|PROT_WRITE, MAP_PRIVATE|MAP_FIXED|MAP_ANONYMOUS, -1, 0) = 0x7f9e79638000
close(3)                                = 0
access("/etc/ld.so.nohwcap", F_OK)      = -1 ENOENT (No such file or directory)
openat(AT_FDCWD, "/lib/x86_64-linux-gnu/libpthread.so.0", O_RDONLY|O_CLOEXEC) = 3
read(3, "\177ELF\2\1\1\0\0\0\0\0\0\0\0\0\3\0>\0\1\0\0\0000b\0\0\0\0\0\0"..., 832) = 832
fstat(3, {st_mode=S_IFREG|0755, st_size=144976, ...}) = 0
mmap(NULL, 2221184, PROT_READ|PROT_EXEC, MAP_PRIVATE|MAP_DENYWRITE, 3, 0) = 0x7f9e790ff000
mprotect(0x7f9e79119000, 2093056, PROT_NONE) = 0
mmap(0x7f9e79318000, 8192, PROT_READ|PROT_WRITE, MAP_PRIVATE|MAP_FIXED|MAP_DENYWRITE, 3, 0x19000) = 0x7f9e79318000
mmap(0x7f9e7931a000, 13440, PROT_READ|PROT_WRITE, MAP_PRIVATE|MAP_FIXED|MAP_ANONYMOUS, -1, 0) = 0x7f9e7931a000
close(3)                                = 0
access("/etc/ld.so.nohwcap", F_OK)      = -1 ENOENT (No such file or directory)
openat(AT_FDCWD, "/lib/x86_64-linux-gnu/libgpg-error.so.0", O_RDONLY|O_CLOEXEC) = 3
read(3, "\177ELF\2\1\1\0\0\0\0\0\0\0\0\0\3\0>\0\1\0\0\0\340+\0\0\0\0\0\0"..., 832) = 832
fstat(3, {st_mode=S_IFREG|0644, st_size=84032, ...}) = 0
mmap(NULL, 2179304, PROT_READ|PROT_EXEC, MAP_PRIVATE|MAP_DENYWRITE, 3, 0) = 0x7f9e78eea000
mprotect(0x7f9e78efe000, 2093056, PROT_NONE) = 0
mmap(0x7f9e790fd000, 8192, PROT_READ|PROT_WRITE, MAP_PRIVATE|MAP_FIXED|MAP_DENYWRITE, 3, 0x13000) = 0x7f9e790fd000
close(3)                                = 0
mmap(NULL, 8192, PROT_READ|PROT_WRITE, MAP_PRIVATE|MAP_ANONYMOUS, -1, 0) = 0x7f9e7a93e000
mmap(NULL, 12288, PROT_READ|PROT_WRITE, MAP_PRIVATE|MAP_ANONYMOUS, -1, 0) = 0x7f9e7a93b000
arch_prctl(ARCH_SET_FS, 0x7f9e7a93b7c0) = 0
mprotect(0x7f9e7a2ee000, 16384, PROT_READ) = 0
mprotect(0x7f9e790fd000, 4096, PROT_READ) = 0
mprotect(0x7f9e79318000, 4096, PROT_READ) = 0
mprotect(0x7f9e79631000, 8192, PROT_READ) = 0
mprotect(0x7f9e79853000, 4096, PROT_READ) = 0
mprotect(0x7f9e7a4fa000, 4096, PROT_READ) = 0
mprotect(0x7f9e79a79000, 4096, PROT_READ) = 0
mprotect(0x7f9e79c81000, 4096, PROT_READ) = 0
mprotect(0x7f9e79f02000, 12288, PROT_READ) = 0
mprotect(0x7f9e7a70b000, 8192, PROT_READ) = 0
mprotect(0x55736f2a7000, 16384, PROT_READ) = 0
mprotect(0x7f9e7a947000, 4096, PROT_READ) = 0
munmap(0x7f9e7a944000, 11270)           = 0
set_tid_address(0x7f9e7a93ba90)         = 24
set_robust_list(0x7f9e7a93baa0, 24)     = 0
rt_sigaction(SIGRTMIN, {sa_handler=0x7f9e79104cb0, sa_mask=[], sa_flags=SA_RESTORER|SA_SIGINFO, sa_restorer=0x7f9e79111890}, NULL, 8) = 0
rt_sigaction(SIGRT_1, {sa_handler=0x7f9e79104d50, sa_mask=[], sa_flags=SA_RESTORER|SA_RESTART|SA_SIGINFO, sa_restorer=0x7f9e79111890}, NULL, 8) = 0
rt_sigprocmask(SIG_UNBLOCK, [RTMIN RT_1], NULL, 8) = 0
prlimit64(0, RLIMIT_STACK, NULL, {rlim_cur=8192*1024, rlim_max=RLIM64_INFINITY}) = 0
brk(NULL)                               = 0x557371108000
brk(0x557371129000)                     = 0x557371129000
openat(AT_FDCWD, "/proc/sys/kernel/osrelease", O_RDONLY) = 3
fstat(3, {st_mode=S_IFREG|0444, st_size=0, ...}) = 0
read(3, "4.9.184-linuxkit\n", 1024)     = 17
close(3)                                = 0
openat(AT_FDCWD, "/sys/devices/system/cpu/online", O_RDONLY|O_CLOEXEC) = 3
read(3, "0-1\n", 8192)                  = 4
close(3)                                = 0
rt_sigaction(SIGSYS, {sa_handler=0x55736f0966e0, sa_mask=~[RTMIN RT_1], sa_flags=SA_RESTORER, sa_restorer=0x7f9e79f45f20}, NULL, 8) = 0
rt_sigaction(SIGPWR, {sa_handler=0x55736f0966e0, sa_mask=~[RTMIN RT_1], sa_flags=SA_RESTORER, sa_restorer=0x7f9e79f45f20}, NULL, 8) = 0
rt_sigaction(SIGIO, {sa_handler=0x55736f0966e0, sa_mask=~[RTMIN RT_1], sa_flags=SA_RESTORER, sa_restorer=0x7f9e79f45f20}, NULL, 8) = 0
rt_sigaction(SIGVTALRM, {sa_handler=0x55736f0966e0, sa_mask=~[RTMIN RT_1], sa_flags=SA_RESTORER, sa_restorer=0x7f9e79f45f20}, NULL, 8) = 0
rt_sigaction(SIGXFSZ, {sa_handler=0x55736f0966e0, sa_mask=~[RTMIN RT_1], sa_flags=SA_RESTORER, sa_restorer=0x7f9e79f45f20}, NULL, 8) = 0
rt_sigaction(SIGXCPU, {sa_handler=0x55736f0966e0, sa_mask=~[RTMIN RT_1], sa_flags=SA_RESTORER, sa_restorer=0x7f9e79f45f20}, NULL, 8) = 0
rt_sigaction(SIGURG, {sa_handler=0x55736f0966e0, sa_mask=~[RTMIN RT_1], sa_flags=SA_RESTORER, sa_restorer=0x7f9e79f45f20}, NULL, 8) = 0
rt_sigaction(SIGTTIN, {sa_handler=0x55736f0966e0, sa_mask=~[RTMIN RT_1], sa_flags=SA_RESTORER, sa_restorer=0x7f9e79f45f20}, NULL, 8) = 0
rt_sigaction(SIGCHLD, {sa_handler=0x55736f0966e0, sa_mask=~[RTMIN RT_1], sa_flags=SA_RESTORER, sa_restorer=0x7f9e79f45f20}, NULL, 8) = 0
rt_sigaction(SIGSTKFLT, {sa_handler=0x55736f0966e0, sa_mask=~[RTMIN RT_1], sa_flags=SA_RESTORER, sa_restorer=0x7f9e79f45f20}, NULL, 8) = 0
rt_sigaction(SIGTERM, {sa_handler=0x55736f0966e0, sa_mask=~[RTMIN RT_1], sa_flags=SA_RESTORER, sa_restorer=0x7f9e79f45f20}, NULL, 8) = 0
rt_sigaction(SIGALRM, {sa_handler=0x55736f0966e0, sa_mask=~[RTMIN RT_1], sa_flags=SA_RESTORER, sa_restorer=0x7f9e79f45f20}, NULL, 8) = 0
rt_sigaction(SIGPIPE, {sa_handler=0x55736f0966e0, sa_mask=~[RTMIN RT_1], sa_flags=SA_RESTORER, sa_restorer=0x7f9e79f45f20}, NULL, 8) = 0
rt_sigaction(SIGUSR2, {sa_handler=0x55736f0966e0, sa_mask=~[RTMIN RT_1], sa_flags=SA_RESTORER, sa_restorer=0x7f9e79f45f20}, NULL, 8) = 0
rt_sigaction(SIGSEGV, {sa_handler=0x55736f0966e0, sa_mask=~[RTMIN RT_1], sa_flags=SA_RESTORER, sa_restorer=0x7f9e79f45f20}, NULL, 8) = 0
rt_sigaction(SIGUSR1, {sa_handler=0x55736f0966e0, sa_mask=~[RTMIN RT_1], sa_flags=SA_RESTORER, sa_restorer=0x7f9e79f45f20}, NULL, 8) = 0
rt_sigaction(SIGFPE, {sa_handler=0x55736f0966e0, sa_mask=~[RTMIN RT_1], sa_flags=SA_RESTORER, sa_restorer=0x7f9e79f45f20}, NULL, 8) = 0
rt_sigaction(SIGBUS, {sa_handler=0x55736f0966e0, sa_mask=~[RTMIN RT_1], sa_flags=SA_RESTORER, sa_restorer=0x7f9e79f45f20}, NULL, 8) = 0
rt_sigaction(SIGABRT, {sa_handler=0x55736f0966e0, sa_mask=~[RTMIN RT_1], sa_flags=SA_RESTORER, sa_restorer=0x7f9e79f45f20}, NULL, 8) = 0
rt_sigaction(SIGTRAP, {sa_handler=0x55736f0966e0, sa_mask=~[RTMIN RT_1], sa_flags=SA_RESTORER, sa_restorer=0x7f9e79f45f20}, NULL, 8) = 0
rt_sigaction(SIGILL, {sa_handler=0x55736f0966e0, sa_mask=~[RTMIN RT_1], sa_flags=SA_RESTORER, sa_restorer=0x7f9e79f45f20}, NULL, 8) = 0
rt_sigaction(SIGHUP, {sa_handler=0x55736f0966e0, sa_mask=~[RTMIN RT_1], sa_flags=SA_RESTORER, sa_restorer=0x7f9e79f45f20}, NULL, 8) = 0
openat(AT_FDCWD, "/proc/self/stat", O_RDONLY) = 3
read(3, "24 (ps) R 22 22 1 34816 22 42106"..., 1024) = 302
close(3)                                = 0
ioctl(1, TIOCGWINSZ, {ws_row=44, ws_col=168, ws_xpixel=0, ws_ypixel=0}) = 0
ioctl(1, TCGETS, {B38400 opost isig icanon echo ...}) = 0
geteuid()                               = 0
openat(AT_FDCWD, "/proc/uptime", O_RDONLY) = 3
lseek(3, 0, SEEK_SET)                   = 0
read(3, "1995.22 3878.63\n", 8191)      = 16
openat(AT_FDCWD, "/proc/sys/kernel/pid_max", O_RDONLY) = 4
read(4, "99999\n", 24)                  = 6
close(4)                                = 0
mmap(NULL, 139264, PROT_READ|PROT_WRITE, MAP_PRIVATE|MAP_ANONYMOUS, -1, 0) = 0x7f9e7a919000
mprotect(0x7f9e7a93a000, 4096, PROT_NONE) = 0
openat(AT_FDCWD, "/proc/sys/kernel/osrelease", O_RDONLY) = 4
fstat(4, {st_mode=S_IFREG|0444, st_size=0, ...}) = 0
read(4, "4.9.184-linuxkit\n", 1024)     = 17
close(4)                                = 0
openat(AT_FDCWD, "/proc/meminfo", O_RDONLY) = 4
lseek(4, 0, SEEK_SET)                   = 0
read(4, "MemTotal:        2047012 kB\nMemF"..., 8191) = 1251
stat("/proc/self/task", {st_mode=S_IFDIR|0555, st_size=0, ...}) = 0
openat(AT_FDCWD, "/proc", O_RDONLY|O_NONBLOCK|O_CLOEXEC|O_DIRECTORY) = 5
fstat(5, {st_mode=S_IFDIR|0555, st_size=0, ...}) = 0
mmap(NULL, 135168, PROT_READ|PROT_WRITE, MAP_PRIVATE|MAP_ANONYMOUS, -1, 0) = 0x7f9e7a8f8000
mmap(NULL, 135168, PROT_READ|PROT_WRITE, MAP_PRIVATE|MAP_ANONYMOUS, -1, 0) = 0x7f9e7a8d7000
getdents(5, /* 62 entries */, 32768)    = 1824
stat("/proc/1", {st_mode=S_IFDIR|0555, st_size=0, ...}) = 0
openat(AT_FDCWD, "/proc/1/stat", O_RDONLY) = 6
read(6, "1 (bash) S 0 1 1 34816 22 421094"..., 1024) = 317
close(6)                                = 0
openat(AT_FDCWD, "/proc/1/status", O_RDONLY) = 6
read(6, "Name:\tbash\nUmask:\t0022\nState:\tS "..., 1024) = 985
close(6)                                = 0
fstat(1, {st_mode=S_IFCHR|0620, st_rdev=makedev(136, 0), ...}) = 0
write(1, "  PID TTY          TIME CMD\n", 28) = 28
openat(AT_FDCWD, "/proc/tty/drivers", O_RDONLY) = 6
read(6, "/dev/tty             /dev/tty   "..., 9999) = 465
close(6)                                = 0
stat("/dev/pts0", 0x7ffe28e94750)       = -1 ENOENT (No such file or directory)
stat("/dev/pts/0", {st_mode=S_IFCHR|0620, st_rdev=makedev(136, 0), ...}) = 0
write(1, "    1 pts/0    00:00:00 bash\n", 29) = 29
stat("/proc/22", {st_mode=S_IFDIR|0555, st_size=0, ...}) = 0
openat(AT_FDCWD, "/proc/22/stat", O_RDONLY) = 6
read(6, "22 (strace) R 1 22 1 34816 22 42"..., 1024) = 302
close(6)                                = 0
openat(AT_FDCWD, "/proc/22/status", O_RDONLY) = 6
read(6, "Name:\tstrace\nUmask:\t0022\nState:\t"..., 1024) = 990
close(6)                                = 0
stat("/dev/pts0", 0x7ffe28e94750)       = -1 ENOENT (No such file or directory)
stat("/dev/pts/0", {st_mode=S_IFCHR|0620, st_rdev=makedev(136, 0), ...}) = 0
write(1, "   22 pts/0    00:00:00 strace\n", 31) = 31
stat("/proc/24", {st_mode=S_IFDIR|0555, st_size=0, ...}) = 0
openat(AT_FDCWD, "/proc/24/stat", O_RDONLY) = 6
read(6, "24 (ps) R 22 22 1 34816 22 42106"..., 1024) = 302
close(6)                                = 0
openat(AT_FDCWD, "/proc/24/status", O_RDONLY) = 6
read(6, "Name:\tps\nUmask:\t0022\nState:\tR (r"..., 1024) = 986
close(6)                                = 0
stat("/dev/pts0", 0x7ffe28e94750)       = -1 ENOENT (No such file or directory)
stat("/dev/pts/0", {st_mode=S_IFCHR|0620, st_rdev=makedev(136, 0), ...}) = 0
write(1, "   24 pts/0    00:00:00 ps\n", 27) = 27
getdents(5, /* 0 entries */, 32768)     = 0
close(5)                                = 0
close(1)                                = 0
close(2)                                = 0
exit_group(0)                           = ?
+++ exited with 0 +++
