execve("/bin/su", ["su"], 0x7ffe9d2af050 /* 11 vars */) = 0
brk(NULL)                               = 0x562b19bc9000
access("/etc/ld.so.nohwcap", F_OK)      = -1 ENOENT (No such file or directory)
access("/etc/ld.so.preload", R_OK)      = -1 ENOENT (No such file or directory)
openat(AT_FDCWD, "/etc/ld.so.cache", O_RDONLY|O_CLOEXEC) = 3
fstat(3, {st_mode=S_IFREG|0644, st_size=11270, ...}) = 0
mmap(NULL, 11270, PROT_READ, MAP_PRIVATE, 3, 0) = 0x7f11d037a000
close(3)                                = 0
access("/etc/ld.so.nohwcap", F_OK)      = -1 ENOENT (No such file or directory)
openat(AT_FDCWD, "/lib/x86_64-linux-gnu/libpam.so.0", O_RDONLY|O_CLOEXEC) = 3
read(3, "\177ELF\2\1\1\0\0\0\0\0\0\0\0\0\3\0>\0\1\0\0\0`$\0\0\0\0\0\0"..., 832) = 832
fstat(3, {st_mode=S_IFREG|0644, st_size=55848, ...}) = 0
mmap(NULL, 8192, PROT_READ|PROT_WRITE, MAP_PRIVATE|MAP_ANONYMOUS, -1, 0) = 0x7f11d0378000
mmap(NULL, 2150896, PROT_READ|PROT_EXEC, MAP_PRIVATE|MAP_DENYWRITE, 3, 0) = 0x7f11cff48000
mprotect(0x7f11cff55000, 2093056, PROT_NONE) = 0
mmap(0x7f11d0154000, 8192, PROT_READ|PROT_WRITE, MAP_PRIVATE|MAP_FIXED|MAP_DENYWRITE, 3, 0xc000) = 0x7f11d0154000
close(3)                                = 0
access("/etc/ld.so.nohwcap", F_OK)      = -1 ENOENT (No such file or directory)
openat(AT_FDCWD, "/lib/x86_64-linux-gnu/libpam_misc.so.0", O_RDONLY|O_CLOEXEC) = 3
read(3, "\177ELF\2\1\1\0\0\0\0\0\0\0\0\0\3\0>\0\1\0\0\0@\20\0\0\0\0\0\0"..., 832) = 832
fstat(3, {st_mode=S_IFREG|0644, st_size=14576, ...}) = 0
mmap(NULL, 2109744, PROT_READ|PROT_EXEC, MAP_PRIVATE|MAP_DENYWRITE, 3, 0) = 0x7f11cfd44000
mprotect(0x7f11cfd47000, 2093056, PROT_NONE) = 0
mmap(0x7f11cff46000, 8192, PROT_READ|PROT_WRITE, MAP_PRIVATE|MAP_FIXED|MAP_DENYWRITE, 3, 0x2000) = 0x7f11cff46000
close(3)                                = 0
access("/etc/ld.so.nohwcap", F_OK)      = -1 ENOENT (No such file or directory)
openat(AT_FDCWD, "/lib/x86_64-linux-gnu/libaudit.so.1", O_RDONLY|O_CLOEXEC) = 3
read(3, "\177ELF\2\1\1\0\0\0\0\0\0\0\0\0\3\0>\0\1\0\0\0`-\0\0\0\0\0\0"..., 832) = 832
fstat(3, {st_mode=S_IFREG|0644, st_size=124848, ...}) = 0
mmap(NULL, 2261160, PROT_READ|PROT_EXEC, MAP_PRIVATE|MAP_DENYWRITE, 3, 0) = 0x7f11cfb1b000
mprotect(0x7f11cfb38000, 2097152, PROT_NONE) = 0
mmap(0x7f11cfd38000, 8192, PROT_READ|PROT_WRITE, MAP_PRIVATE|MAP_FIXED|MAP_DENYWRITE, 3, 0x1d000) = 0x7f11cfd38000
mmap(0x7f11cfd3a000, 37032, PROT_READ|PROT_WRITE, MAP_PRIVATE|MAP_FIXED|MAP_ANONYMOUS, -1, 0) = 0x7f11cfd3a000
close(3)                                = 0
access("/etc/ld.so.nohwcap", F_OK)      = -1 ENOENT (No such file or directory)
openat(AT_FDCWD, "/lib/x86_64-linux-gnu/libc.so.6", O_RDONLY|O_CLOEXEC) = 3
read(3, "\177ELF\2\1\1\3\0\0\0\0\0\0\0\0\3\0>\0\1\0\0\0\260\34\2\0\0\0\0\0"..., 832) = 832
fstat(3, {st_mode=S_IFREG|0755, st_size=2030544, ...}) = 0
mmap(NULL, 4131552, PROT_READ|PROT_EXEC, MAP_PRIVATE|MAP_DENYWRITE, 3, 0) = 0x7f11cf72a000
mprotect(0x7f11cf911000, 2097152, PROT_NONE) = 0
mmap(0x7f11cfb11000, 24576, PROT_READ|PROT_WRITE, MAP_PRIVATE|MAP_FIXED|MAP_DENYWRITE, 3, 0x1e7000) = 0x7f11cfb11000
mmap(0x7f11cfb17000, 15072, PROT_READ|PROT_WRITE, MAP_PRIVATE|MAP_FIXED|MAP_ANONYMOUS, -1, 0) = 0x7f11cfb17000
close(3)                                = 0
access("/etc/ld.so.nohwcap", F_OK)      = -1 ENOENT (No such file or directory)
openat(AT_FDCWD, "/lib/x86_64-linux-gnu/libdl.so.2", O_RDONLY|O_CLOEXEC) = 3
read(3, "\177ELF\2\1\1\0\0\0\0\0\0\0\0\0\3\0>\0\1\0\0\0P\16\0\0\0\0\0\0"..., 832) = 832
fstat(3, {st_mode=S_IFREG|0644, st_size=14560, ...}) = 0
mmap(NULL, 2109712, PROT_READ|PROT_EXEC, MAP_PRIVATE|MAP_DENYWRITE, 3, 0) = 0x7f11cf526000
mprotect(0x7f11cf529000, 2093056, PROT_NONE) = 0
mmap(0x7f11cf728000, 8192, PROT_READ|PROT_WRITE, MAP_PRIVATE|MAP_FIXED|MAP_DENYWRITE, 3, 0x2000) = 0x7f11cf728000
close(3)                                = 0
access("/etc/ld.so.nohwcap", F_OK)      = -1 ENOENT (No such file or directory)
openat(AT_FDCWD, "/lib/x86_64-linux-gnu/libcap-ng.so.0", O_RDONLY|O_CLOEXEC) = 3
read(3, "\177ELF\2\1\1\0\0\0\0\0\0\0\0\0\3\0>\0\1\0\0\0\240\23\0\0\0\0\0\0"..., 832) = 832
fstat(3, {st_mode=S_IFREG|0644, st_size=18712, ...}) = 0
mmap(NULL, 2113848, PROT_READ|PROT_EXEC, MAP_PRIVATE|MAP_DENYWRITE, 3, 0) = 0x7f11cf321000
mprotect(0x7f11cf325000, 2093056, PROT_NONE) = 0
mmap(0x7f11cf524000, 8192, PROT_READ|PROT_WRITE, MAP_PRIVATE|MAP_FIXED|MAP_DENYWRITE, 3, 0x3000) = 0x7f11cf524000
close(3)                                = 0
mmap(NULL, 8192, PROT_READ|PROT_WRITE, MAP_PRIVATE|MAP_ANONYMOUS, -1, 0) = 0x7f11d0376000
arch_prctl(ARCH_SET_FS, 0x7f11d0377500) = 0
mprotect(0x7f11cfb11000, 16384, PROT_READ) = 0
mprotect(0x7f11cf524000, 4096, PROT_READ) = 0
mprotect(0x7f11cf728000, 4096, PROT_READ) = 0
mprotect(0x7f11cfd38000, 4096, PROT_READ) = 0
mprotect(0x7f11d0154000, 4096, PROT_READ) = 0
mprotect(0x7f11cff46000, 4096, PROT_READ) = 0
mprotect(0x562b18891000, 4096, PROT_READ) = 0
mprotect(0x7f11d037d000, 4096, PROT_READ) = 0
munmap(0x7f11d037a000, 11270)           = 0
brk(NULL)                               = 0x562b19bc9000
brk(0x562b19bea000)                     = 0x562b19bea000
getuid()                                = 0
ioctl(0, TCGETS, {B38400 opost isig icanon echo ...}) = 0
fstat(0, {st_mode=S_IFCHR|0620, st_rdev=makedev(136, 0), ...}) = 0
readlink("/proc/self/fd/0", "/dev/pts/0", 4095) = 10
stat("/dev/pts/0", {st_mode=S_IFCHR|0620, st_rdev=makedev(136, 0), ...}) = 0
ioctl(0, TCGETS, {B38400 opost isig icanon echo ...}) = 0
openat(AT_FDCWD, "/proc/self/loginuid", O_RDONLY) = 3
read(3, "4294967295", 12)               = 10
close(3)                                = 0
socket(AF_UNIX, SOCK_STREAM|SOCK_CLOEXEC|SOCK_NONBLOCK, 0) = 3
connect(3, {sa_family=AF_UNIX, sun_path="/var/run/nscd/socket"}, 110) = -1 ENOENT (No such file or directory)
close(3)                                = 0
socket(AF_UNIX, SOCK_STREAM|SOCK_CLOEXEC|SOCK_NONBLOCK, 0) = 3
connect(3, {sa_family=AF_UNIX, sun_path="/var/run/nscd/socket"}, 110) = -1 ENOENT (No such file or directory)
close(3)                                = 0
openat(AT_FDCWD, "/etc/nsswitch.conf", O_RDONLY|O_CLOEXEC) = 3
fstat(3, {st_mode=S_IFREG|0644, st_size=497, ...}) = 0
read(3, "# /etc/nsswitch.conf\n#\n# Example"..., 4096) = 497
read(3, "", 4096)                       = 0
close(3)                                = 0
openat(AT_FDCWD, "/etc/ld.so.cache", O_RDONLY|O_CLOEXEC) = 3
fstat(3, {st_mode=S_IFREG|0644, st_size=11270, ...}) = 0
mmap(NULL, 11270, PROT_READ, MAP_PRIVATE, 3, 0) = 0x7f11d037a000
close(3)                                = 0
access("/etc/ld.so.nohwcap", F_OK)      = -1 ENOENT (No such file or directory)
openat(AT_FDCWD, "/lib/x86_64-linux-gnu/libnss_compat.so.2", O_RDONLY|O_CLOEXEC) = 3
read(3, "\177ELF\2\1\1\0\0\0\0\0\0\0\0\0\3\0>\0\1\0\0\0\240\22\0\0\0\0\0\0"..., 832) = 832
fstat(3, {st_mode=S_IFREG|0644, st_size=39744, ...}) = 0
mmap(NULL, 2136256, PROT_READ|PROT_EXEC, MAP_PRIVATE|MAP_DENYWRITE, 3, 0) = 0x7f11cf117000
mprotect(0x7f11cf11f000, 2097152, PROT_NONE) = 0
mmap(0x7f11cf31f000, 8192, PROT_READ|PROT_WRITE, MAP_PRIVATE|MAP_FIXED|MAP_DENYWRITE, 3, 0x8000) = 0x7f11cf31f000
close(3)                                = 0
mprotect(0x7f11cf31f000, 4096, PROT_READ) = 0
munmap(0x7f11d037a000, 11270)           = 0
openat(AT_FDCWD, "/etc/ld.so.cache", O_RDONLY|O_CLOEXEC) = 3
fstat(3, {st_mode=S_IFREG|0644, st_size=11270, ...}) = 0
mmap(NULL, 11270, PROT_READ, MAP_PRIVATE, 3, 0) = 0x7f11d037a000
close(3)                                = 0
access("/etc/ld.so.nohwcap", F_OK)      = -1 ENOENT (No such file or directory)
openat(AT_FDCWD, "/lib/x86_64-linux-gnu/libnss_nis.so.2", O_RDONLY|O_CLOEXEC) = 3
read(3, "\177ELF\2\1\1\0\0\0\0\0\0\0\0\0\3\0>\0\1\0\0\0p \0\0\0\0\0\0"..., 832) = 832
fstat(3, {st_mode=S_IFREG|0644, st_size=47576, ...}) = 0
mmap(NULL, 2143624, PROT_READ|PROT_EXEC, MAP_PRIVATE|MAP_DENYWRITE, 3, 0) = 0x7f11cef0b000
mprotect(0x7f11cef16000, 2093056, PROT_NONE) = 0
mmap(0x7f11cf115000, 8192, PROT_READ|PROT_WRITE, MAP_PRIVATE|MAP_FIXED|MAP_DENYWRITE, 3, 0xa000) = 0x7f11cf115000
close(3)                                = 0
access("/etc/ld.so.nohwcap", F_OK)      = -1 ENOENT (No such file or directory)
openat(AT_FDCWD, "/lib/x86_64-linux-gnu/libnsl.so.1", O_RDONLY|O_CLOEXEC) = 3
read(3, "\177ELF\2\1\1\0\0\0\0\0\0\0\0\0\3\0>\0\1\0\0\0\220@\0\0\0\0\0\0"..., 832) = 832
fstat(3, {st_mode=S_IFREG|0644, st_size=97176, ...}) = 0
mmap(NULL, 2202200, PROT_READ|PROT_EXEC, MAP_PRIVATE|MAP_DENYWRITE, 3, 0) = 0x7f11cecf1000
mprotect(0x7f11ced08000, 2093056, PROT_NONE) = 0
mmap(0x7f11cef07000, 8192, PROT_READ|PROT_WRITE, MAP_PRIVATE|MAP_FIXED|MAP_DENYWRITE, 3, 0x16000) = 0x7f11cef07000
mmap(0x7f11cef09000, 6744, PROT_READ|PROT_WRITE, MAP_PRIVATE|MAP_FIXED|MAP_ANONYMOUS, -1, 0) = 0x7f11cef09000
close(3)                                = 0
access("/etc/ld.so.nohwcap", F_OK)      = -1 ENOENT (No such file or directory)
openat(AT_FDCWD, "/lib/x86_64-linux-gnu/libnss_files.so.2", O_RDONLY|O_CLOEXEC) = 3
read(3, "\177ELF\2\1\1\0\0\0\0\0\0\0\0\0\3\0>\0\1\0\0\0P#\0\0\0\0\0\0"..., 832) = 832
fstat(3, {st_mode=S_IFREG|0644, st_size=47568, ...}) = 0
mmap(NULL, 2168632, PROT_READ|PROT_EXEC, MAP_PRIVATE|MAP_DENYWRITE, 3, 0) = 0x7f11ceadf000
mprotect(0x7f11ceaea000, 2093056, PROT_NONE) = 0
mmap(0x7f11cece9000, 8192, PROT_READ|PROT_WRITE, MAP_PRIVATE|MAP_FIXED|MAP_DENYWRITE, 3, 0xa000) = 0x7f11cece9000
mmap(0x7f11ceceb000, 22328, PROT_READ|PROT_WRITE, MAP_PRIVATE|MAP_FIXED|MAP_ANONYMOUS, -1, 0) = 0x7f11ceceb000
close(3)                                = 0
mprotect(0x7f11cece9000, 4096, PROT_READ) = 0
mprotect(0x7f11cef07000, 4096, PROT_READ) = 0
mprotect(0x7f11cf115000, 4096, PROT_READ) = 0
munmap(0x7f11d037a000, 11270)           = 0
openat(AT_FDCWD, "/etc/passwd", O_RDONLY|O_CLOEXEC) = 3
lseek(3, 0, SEEK_CUR)                   = 0
fstat(3, {st_mode=S_IFREG|0644, st_size=926, ...}) = 0
mmap(NULL, 926, PROT_READ, MAP_SHARED, 3, 0) = 0x7f11d037c000
lseek(3, 926, SEEK_SET)                 = 926
fstat(3, {st_mode=S_IFREG|0644, st_size=926, ...}) = 0
munmap(0x7f11d037c000, 926)             = 0
close(3)                                = 0
ioctl(0, TCGETS, {B38400 opost isig icanon echo ...}) = 0
fstat(0, {st_mode=S_IFCHR|0620, st_rdev=makedev(136, 0), ...}) = 0
readlink("/proc/self/fd/0", "/dev/pts/0", 511) = 10
stat("/dev/pts/0", {st_mode=S_IFCHR|0620, st_rdev=makedev(136, 0), ...}) = 0
access("/var/run/utmpx", F_OK)          = -1 ENOENT (No such file or directory)
openat(AT_FDCWD, "/var/run/utmp", O_RDONLY|O_CLOEXEC) = 3
lseek(3, 0, SEEK_SET)                   = 0
alarm(0)                                = 0
rt_sigaction(SIGALRM, {sa_handler=0x7f11cf88dac0, sa_mask=[], sa_flags=SA_RESTORER, sa_restorer=0x7f11cf768f20}, {sa_handler=SIG_DFL, sa_mask=[], sa_flags=0}, 8) = 0
alarm(10)                               = 0
fcntl(3, F_SETLKW, {l_type=F_RDLCK, l_whence=SEEK_SET, l_start=0, l_len=0}) = 0
read(3, "", 384)                        = 0
fcntl(3, F_SETLKW, {l_type=F_UNLCK, l_whence=SEEK_SET, l_start=0, l_len=0}) = 0
alarm(0)                                = 10
rt_sigaction(SIGALRM, {sa_handler=SIG_DFL, sa_mask=[], sa_flags=SA_RESTORER, sa_restorer=0x7f11cf768f20}, NULL, 8) = 0
close(3)                                = 0
getuid()                                = 0
openat(AT_FDCWD, "/etc/passwd", O_RDONLY|O_CLOEXEC) = 3
lseek(3, 0, SEEK_CUR)                   = 0
fstat(3, {st_mode=S_IFREG|0644, st_size=926, ...}) = 0
mmap(NULL, 926, PROT_READ, MAP_SHARED, 3, 0) = 0x7f11d037c000
lseek(3, 926, SEEK_SET)                 = 926
munmap(0x7f11d037c000, 926)             = 0
close(3)                                = 0
openat(AT_FDCWD, "/etc/passwd", O_RDONLY|O_CLOEXEC) = 3
lseek(3, 0, SEEK_CUR)                   = 0
fstat(3, {st_mode=S_IFREG|0644, st_size=926, ...}) = 0
mmap(NULL, 926, PROT_READ, MAP_SHARED, 3, 0) = 0x7f11d037c000
lseek(3, 926, SEEK_SET)                 = 926
munmap(0x7f11d037c000, 926)             = 0
close(3)                                = 0
stat("/etc/pam.d", {st_mode=S_IFDIR|0755, st_size=4096, ...}) = 0
openat(AT_FDCWD, "/etc/pam.d/su", O_RDONLY) = 3
fstat(3, {st_mode=S_IFREG|0644, st_size=2257, ...}) = 0
read(3, "#\n# The PAM configuration file f"..., 4096) = 2257
openat(AT_FDCWD, "/lib/x86_64-linux-gnu/security/pam_rootok.so", O_RDONLY|O_CLOEXEC) = 4
read(4, "\177ELF\2\1\1\0\0\0\0\0\0\0\0\0\3\0>\0\1\0\0\0\220\n\0\0\0\0\0\0"..., 832) = 832
fstat(4, {st_mode=S_IFREG|0644, st_size=10304, ...}) = 0
mmap(NULL, 2105512, PROT_READ|PROT_EXEC, MAP_PRIVATE|MAP_DENYWRITE, 4, 0) = 0x7f11ce8dc000
mprotect(0x7f11ce8de000, 2093056, PROT_NONE) = 0
mmap(0x7f11ceadd000, 8192, PROT_READ|PROT_WRITE, MAP_PRIVATE|MAP_FIXED|MAP_DENYWRITE, 4, 0x1000) = 0x7f11ceadd000
close(4)                                = 0
openat(AT_FDCWD, "/etc/ld.so.cache", O_RDONLY|O_CLOEXEC) = 4
fstat(4, {st_mode=S_IFREG|0644, st_size=11270, ...}) = 0
mmap(NULL, 11270, PROT_READ, MAP_PRIVATE, 4, 0) = 0x7f11d037a000
close(4)                                = 0
access("/etc/ld.so.nohwcap", F_OK)      = -1 ENOENT (No such file or directory)
openat(AT_FDCWD, "/lib/x86_64-linux-gnu/libselinux.so.1", O_RDONLY|O_CLOEXEC) = 4
read(4, "\177ELF\2\1\1\0\0\0\0\0\0\0\0\0\3\0>\0\1\0\0\0\20b\0\0\0\0\0\0"..., 832) = 832
fstat(4, {st_mode=S_IFREG|0644, st_size=154832, ...}) = 0
mmap(NULL, 2259152, PROT_READ|PROT_EXEC, MAP_PRIVATE|MAP_DENYWRITE, 4, 0) = 0x7f11ce6b4000
mprotect(0x7f11ce6d9000, 2093056, PROT_NONE) = 0
mmap(0x7f11ce8d8000, 8192, PROT_READ|PROT_WRITE, MAP_PRIVATE|MAP_FIXED|MAP_DENYWRITE, 4, 0x24000) = 0x7f11ce8d8000
mmap(0x7f11ce8da000, 6352, PROT_READ|PROT_WRITE, MAP_PRIVATE|MAP_FIXED|MAP_ANONYMOUS, -1, 0) = 0x7f11ce8da000
close(4)                                = 0
access("/etc/ld.so.nohwcap", F_OK)      = -1 ENOENT (No such file or directory)
openat(AT_FDCWD, "/lib/x86_64-linux-gnu/libpcre.so.3", O_RDONLY|O_CLOEXEC) = 4
read(4, "\177ELF\2\1\1\0\0\0\0\0\0\0\0\0\3\0>\0\1\0\0\0 \25\0\0\0\0\0\0"..., 832) = 832
fstat(4, {st_mode=S_IFREG|0644, st_size=464824, ...}) = 0
mmap(NULL, 2560264, PROT_READ|PROT_EXEC, MAP_PRIVATE|MAP_DENYWRITE, 4, 0) = 0x7f11ce442000
mprotect(0x7f11ce4b2000, 2097152, PROT_NONE) = 0
mmap(0x7f11ce6b2000, 8192, PROT_READ|PROT_WRITE, MAP_PRIVATE|MAP_FIXED|MAP_DENYWRITE, 4, 0x70000) = 0x7f11ce6b2000
close(4)                                = 0
access("/etc/ld.so.nohwcap", F_OK)      = -1 ENOENT (No such file or directory)
openat(AT_FDCWD, "/lib/x86_64-linux-gnu/libpthread.so.0", O_RDONLY|O_CLOEXEC) = 4
read(4, "\177ELF\2\1\1\0\0\0\0\0\0\0\0\0\3\0>\0\1\0\0\0000b\0\0\0\0\0\0"..., 832) = 832
fstat(4, {st_mode=S_IFREG|0755, st_size=144976, ...}) = 0
mmap(NULL, 2221184, PROT_READ|PROT_EXEC, MAP_PRIVATE|MAP_DENYWRITE, 4, 0) = 0x7f11ce223000
mprotect(0x7f11ce23d000, 2093056, PROT_NONE) = 0
mmap(0x7f11ce43c000, 8192, PROT_READ|PROT_WRITE, MAP_PRIVATE|MAP_FIXED|MAP_DENYWRITE, 4, 0x19000) = 0x7f11ce43c000
mmap(0x7f11ce43e000, 13440, PROT_READ|PROT_WRITE, MAP_PRIVATE|MAP_FIXED|MAP_ANONYMOUS, -1, 0) = 0x7f11ce43e000
close(4)                                = 0
mprotect(0x7f11ce43c000, 4096, PROT_READ) = 0
mprotect(0x7f11ce6b2000, 4096, PROT_READ) = 0
mprotect(0x7f11ce8d8000, 4096, PROT_READ) = 0
mprotect(0x7f11ceadd000, 4096, PROT_READ) = 0
set_tid_address(0x7f11d03777d0)         = 99
set_robust_list(0x7f11d03777e0, 24)     = 0
rt_sigaction(SIGRTMIN, {sa_handler=0x7f11ce228cb0, sa_mask=[], sa_flags=SA_RESTORER|SA_SIGINFO, sa_restorer=0x7f11ce235890}, NULL, 8) = 0
rt_sigaction(SIGRT_1, {sa_handler=0x7f11ce228d50, sa_mask=[], sa_flags=SA_RESTORER|SA_RESTART|SA_SIGINFO, sa_restorer=0x7f11ce235890}, NULL, 8) = 0
rt_sigprocmask(SIG_UNBLOCK, [RTMIN RT_1], NULL, 8) = 0
prlimit64(0, RLIMIT_STACK, NULL, {rlim_cur=8192*1024, rlim_max=RLIM64_INFINITY}) = 0
statfs("/sys/fs/selinux", 0x7fffb82a7b60) = -1 ENOENT (No such file or directory)
statfs("/selinux", 0x7fffb82a7b60)      = -1 ENOENT (No such file or directory)
openat(AT_FDCWD, "/proc/filesystems", O_RDONLY|O_CLOEXEC) = 4
fstat(4, {st_mode=S_IFREG|0444, st_size=0, ...}) = 0
read(4, "nodev\tsysfs\nnodev\trootfs\nnodev\tr"..., 1024) = 440
read(4, "", 1024)                       = 0
close(4)                                = 0
access("/etc/selinux/config", F_OK)     = -1 ENOENT (No such file or directory)
munmap(0x7f11d037a000, 11270)           = 0
openat(AT_FDCWD, "/lib/x86_64-linux-gnu/security/pam_env.so", O_RDONLY|O_CLOEXEC) = 4
read(4, "\177ELF\2\1\1\0\0\0\0\0\0\0\0\0\3\0>\0\1\0\0\0\220\r\0\0\0\0\0\0"..., 832) = 832
fstat(4, {st_mode=S_IFREG|0644, st_size=14464, ...}) = 0
mmap(NULL, 2109672, PROT_READ|PROT_EXEC, MAP_PRIVATE|MAP_DENYWRITE, 4, 0) = 0x7f11ce01f000
mprotect(0x7f11ce022000, 2093056, PROT_NONE) = 0
mmap(0x7f11ce221000, 8192, PROT_READ|PROT_WRITE, MAP_PRIVATE|MAP_FIXED|MAP_DENYWRITE, 4, 0x2000) = 0x7f11ce221000
close(4)                                = 0
mprotect(0x7f11ce221000, 4096, PROT_READ) = 0
openat(AT_FDCWD, "/lib/x86_64-linux-gnu/security/pam_mail.so", O_RDONLY|O_CLOEXEC) = 4
read(4, "\177ELF\2\1\1\0\0\0\0\0\0\0\0\0\3\0>\0\1\0\0\0000\v\0\0\0\0\0\0"..., 832) = 832
fstat(4, {st_mode=S_IFREG|0644, st_size=10312, ...}) = 0
mmap(NULL, 2105520, PROT_READ|PROT_EXEC, MAP_PRIVATE|MAP_DENYWRITE, 4, 0) = 0x7f11cde1c000
mprotect(0x7f11cde1e000, 2093056, PROT_NONE) = 0
mmap(0x7f11ce01d000, 8192, PROT_READ|PROT_WRITE, MAP_PRIVATE|MAP_FIXED|MAP_DENYWRITE, 4, 0x1000) = 0x7f11ce01d000
close(4)                                = 0
mprotect(0x7f11ce01d000, 4096, PROT_READ) = 0
openat(AT_FDCWD, "/lib/x86_64-linux-gnu/security/pam_limits.so", O_RDONLY|O_CLOEXEC) = 4
read(4, "\177ELF\2\1\1\0\0\0\0\0\0\0\0\0\3\0>\0\1\0\0\0@\24\0\0\0\0\0\0"..., 832) = 832
fstat(4, {st_mode=S_IFREG|0644, st_size=22872, ...}) = 0
mmap(NULL, 2118008, PROT_READ|PROT_EXEC, MAP_PRIVATE|MAP_DENYWRITE, 4, 0) = 0x7f11cdc16000
mprotect(0x7f11cdc1b000, 2093056, PROT_NONE) = 0
mmap(0x7f11cde1a000, 8192, PROT_READ|PROT_WRITE, MAP_PRIVATE|MAP_FIXED|MAP_DENYWRITE, 4, 0x4000) = 0x7f11cde1a000
close(4)                                = 0
mprotect(0x7f11cde1a000, 4096, PROT_READ) = 0
stat("/etc/pam.d", {st_mode=S_IFDIR|0755, st_size=4096, ...}) = 0
openat(AT_FDCWD, "/etc/pam.d/common-auth", O_RDONLY) = 4
fstat(4, {st_mode=S_IFREG|0644, st_size=1221, ...}) = 0
read(4, "#\n# /etc/pam.d/common-auth - aut"..., 4096) = 1221
openat(AT_FDCWD, "/lib/x86_64-linux-gnu/security/pam_unix.so", O_RDONLY|O_CLOEXEC) = 5
read(5, "\177ELF\2\1\1\0\0\0\0\0\0\0\0\0\3\0>\0\1\0\0\0000)\0\0\0\0\0\0"..., 832) = 832
fstat(5, {st_mode=S_IFREG|0644, st_size=60272, ...}) = 0
mmap(NULL, 2204672, PROT_READ|PROT_EXEC, MAP_PRIVATE|MAP_DENYWRITE, 5, 0) = 0x7f11cd9fb000
mprotect(0x7f11cda08000, 2097152, PROT_NONE) = 0
mmap(0x7f11cdc08000, 8192, PROT_READ|PROT_WRITE, MAP_PRIVATE|MAP_FIXED|MAP_DENYWRITE, 5, 0xd000) = 0x7f11cdc08000
mmap(0x7f11cdc0a000, 46080, PROT_READ|PROT_WRITE, MAP_PRIVATE|MAP_FIXED|MAP_ANONYMOUS, -1, 0) = 0x7f11cdc0a000
close(5)                                = 0
openat(AT_FDCWD, "/etc/ld.so.cache", O_RDONLY|O_CLOEXEC) = 5
fstat(5, {st_mode=S_IFREG|0644, st_size=11270, ...}) = 0
mmap(NULL, 11270, PROT_READ, MAP_PRIVATE, 5, 0) = 0x7f11d037a000
close(5)                                = 0
access("/etc/ld.so.nohwcap", F_OK)      = -1 ENOENT (No such file or directory)
openat(AT_FDCWD, "/lib/x86_64-linux-gnu/libcrypt.so.1", O_RDONLY|O_CLOEXEC) = 5
read(5, "\177ELF\2\1\1\0\0\0\0\0\0\0\0\0\3\0>\0\1\0\0\0P\r\0\0\0\0\0\0"..., 832) = 832
fstat(5, {st_mode=S_IFREG|0644, st_size=39208, ...}) = 0
mmap(NULL, 2322976, PROT_READ|PROT_EXEC, MAP_PRIVATE|MAP_DENYWRITE, 5, 0) = 0x7f11cd7c3000
mprotect(0x7f11cd7cc000, 2093056, PROT_NONE) = 0
mmap(0x7f11cd9cb000, 8192, PROT_READ|PROT_WRITE, MAP_PRIVATE|MAP_FIXED|MAP_DENYWRITE, 5, 0x8000) = 0x7f11cd9cb000
mmap(0x7f11cd9cd000, 184864, PROT_READ|PROT_WRITE, MAP_PRIVATE|MAP_FIXED|MAP_ANONYMOUS, -1, 0) = 0x7f11cd9cd000
close(5)                                = 0
mprotect(0x7f11cd9cb000, 4096, PROT_READ) = 0
mprotect(0x7f11cdc08000, 4096, PROT_READ) = 0
munmap(0x7f11d037a000, 11270)           = 0
openat(AT_FDCWD, "/lib/x86_64-linux-gnu/security/pam_deny.so", O_RDONLY|O_CLOEXEC) = 5
read(5, "\177ELF\2\1\1\0\0\0\0\0\0\0\0\0\3\0>\0\1\0\0\0\0\5\0\0\0\0\0\0"..., 832) = 832
fstat(5, {st_mode=S_IFREG|0644, st_size=5776, ...}) = 0
mmap(NULL, 2101288, PROT_READ|PROT_EXEC, MAP_PRIVATE|MAP_DENYWRITE, 5, 0) = 0x7f11cd5c1000
mprotect(0x7f11cd5c2000, 2093056, PROT_NONE) = 0
mmap(0x7f11cd7c1000, 8192, PROT_READ|PROT_WRITE, MAP_PRIVATE|MAP_FIXED|MAP_DENYWRITE, 5, 0) = 0x7f11cd7c1000
close(5)                                = 0
mprotect(0x7f11cd7c1000, 4096, PROT_READ) = 0
openat(AT_FDCWD, "/lib/x86_64-linux-gnu/security/pam_permit.so", O_RDONLY|O_CLOEXEC) = 5
read(5, "\177ELF\2\1\1\0\0\0\0\0\0\0\0\0\3\0>\0\1\0\0\0\220\6\0\0\0\0\0\0"..., 832) = 832
fstat(5, {st_mode=S_IFREG|0644, st_size=6104, ...}) = 0
mmap(NULL, 2101312, PROT_READ|PROT_EXEC, MAP_PRIVATE|MAP_DENYWRITE, 5, 0) = 0x7f11cd3bf000
mprotect(0x7f11cd3c0000, 2093056, PROT_NONE) = 0
mmap(0x7f11cd5bf000, 8192, PROT_READ|PROT_WRITE, MAP_PRIVATE|MAP_FIXED|MAP_DENYWRITE, 5, 0) = 0x7f11cd5bf000
close(5)                                = 0
mprotect(0x7f11cd5bf000, 4096, PROT_READ) = 0
read(4, "", 4096)                       = 0
close(4)                                = 0
stat("/etc/pam.d", {st_mode=S_IFDIR|0755, st_size=4096, ...}) = 0
openat(AT_FDCWD, "/etc/pam.d/common-account", O_RDONLY) = 4
fstat(4, {st_mode=S_IFREG|0644, st_size=1208, ...}) = 0
read(4, "#\n# /etc/pam.d/common-account - "..., 4096) = 1208
read(4, "", 4096)                       = 0
close(4)                                = 0
stat("/etc/pam.d", {st_mode=S_IFDIR|0755, st_size=4096, ...}) = 0
openat(AT_FDCWD, "/etc/pam.d/common-session", O_RDONLY) = 4
fstat(4, {st_mode=S_IFREG|0644, st_size=1437, ...}) = 0
read(4, "#\n# /etc/pam.d/common-session - "..., 4096) = 1437
openat(AT_FDCWD, "/lib/x86_64-linux-gnu/security/pam_umask.so", O_RDONLY|O_CLOEXEC) = 5
read(5, "\177ELF\2\1\1\0\0\0\0\0\0\0\0\0\3\0>\0\1\0\0\0\240\f\0\0\0\0\0\0"..., 832) = 832
fstat(5, {st_mode=S_IFREG|0644, st_size=10376, ...}) = 0
mmap(NULL, 2105584, PROT_READ|PROT_EXEC, MAP_PRIVATE|MAP_DENYWRITE, 5, 0) = 0x7f11cd1bc000
mprotect(0x7f11cd1be000, 2093056, PROT_NONE) = 0
mmap(0x7f11cd3bd000, 8192, PROT_READ|PROT_WRITE, MAP_PRIVATE|MAP_FIXED|MAP_DENYWRITE, 5, 0x1000) = 0x7f11cd3bd000
close(5)                                = 0
mprotect(0x7f11cd3bd000, 4096, PROT_READ) = 0
read(4, "", 4096)                       = 0
close(4)                                = 0
read(3, "", 4096)                       = 0
close(3)                                = 0
openat(AT_FDCWD, "/etc/pam.d/other", O_RDONLY) = 3
fstat(3, {st_mode=S_IFREG|0644, st_size=520, ...}) = 0
read(3, "#\n# /etc/pam.d/other - specify t"..., 4096) = 520
stat("/etc/pam.d", {st_mode=S_IFDIR|0755, st_size=4096, ...}) = 0
openat(AT_FDCWD, "/etc/pam.d/common-auth", O_RDONLY) = 4
fstat(4, {st_mode=S_IFREG|0644, st_size=1221, ...}) = 0
read(4, "#\n# /etc/pam.d/common-auth - aut"..., 4096) = 1221
read(4, "", 4096)                       = 0
close(4)                                = 0
stat("/etc/pam.d", {st_mode=S_IFDIR|0755, st_size=4096, ...}) = 0
openat(AT_FDCWD, "/etc/pam.d/common-account", O_RDONLY) = 4
fstat(4, {st_mode=S_IFREG|0644, st_size=1208, ...}) = 0
read(4, "#\n# /etc/pam.d/common-account - "..., 4096) = 1208
read(4, "", 4096)                       = 0
close(4)                                = 0
stat("/etc/pam.d", {st_mode=S_IFDIR|0755, st_size=4096, ...}) = 0
openat(AT_FDCWD, "/etc/pam.d/common-password", O_RDONLY) = 4
fstat(4, {st_mode=S_IFREG|0644, st_size=1440, ...}) = 0
read(4, "#\n# /etc/pam.d/common-password -"..., 4096) = 1440
read(4, "", 4096)                       = 0
close(4)                                = 0
stat("/etc/pam.d", {st_mode=S_IFDIR|0755, st_size=4096, ...}) = 0
openat(AT_FDCWD, "/etc/pam.d/common-session", O_RDONLY) = 4
fstat(4, {st_mode=S_IFREG|0644, st_size=1437, ...}) = 0
read(4, "#\n# /etc/pam.d/common-session - "..., 4096) = 1437
read(4, "", 4096)                       = 0
close(4)                                = 0
read(3, "", 4096)                       = 0
close(3)                                = 0
openat(AT_FDCWD, "/etc/passwd", O_RDONLY|O_CLOEXEC) = 3
lseek(3, 0, SEEK_CUR)                   = 0
fstat(3, {st_mode=S_IFREG|0644, st_size=926, ...}) = 0
mmap(NULL, 926, PROT_READ, MAP_SHARED, 3, 0) = 0x7f11d037c000
lseek(3, 926, SEEK_SET)                 = 926
munmap(0x7f11d037c000, 926)             = 0
close(3)                                = 0
rt_sigaction(SIGINT, {sa_handler=SIG_IGN, sa_mask=[INT], sa_flags=SA_RESTORER|SA_RESTART, sa_restorer=0x7f11cf768f20}, {sa_handler=SIG_DFL, sa_mask=[], sa_flags=0}, 8) = 0
rt_sigaction(SIGQUIT, {sa_handler=SIG_IGN, sa_mask=[QUIT], sa_flags=SA_RESTORER|SA_RESTART, sa_restorer=0x7f11cf768f20}, {sa_handler=SIG_DFL, sa_mask=[], sa_flags=0}, 8) = 0
getuid()                                = 0
socket(AF_NETLINK, SOCK_RAW, NETLINK_AUDIT) = 3
fcntl(3, F_SETFD, FD_CLOEXEC)           = 0
readlink("/proc/self/exe", "/bin/su", 4096) = 7
sendto(3, {{len=116, type=0x44c /* NLMSG_??? */, flags=NLM_F_REQUEST|NLM_F_ACK, seq=1, pid=0}, "\x6f\x70\x3d\x50\x41\x4d\x3a\x61\x75\x74\x68\x65\x6e\x74\x69\x63\x61\x74\x69\x6f\x6e\x20\x61\x63\x63\x74\x3d\x22\x72\x6f\x6f\x74"...}, 116, 0, {sa_family=AF_NETLINK, nl_pid=0, nl_groups=00000000}, 12) = 116
poll([{fd=3, events=POLLIN}], 1, 500)   = 1 ([{fd=3, revents=POLLIN}])
recvfrom(3, {{len=36, type=NLMSG_ERROR, flags=0, seq=1, pid=99}, {error=0, msg={len=116, type=AUDIT_FIRST_USER_MSG, flags=NLM_F_REQUEST|NLM_F_ACK, seq=1, pid=0}}}, 8988, MSG_PEEK|MSG_DONTWAIT, {sa_family=AF_NETLINK, nl_pid=0, nl_groups=00000000}, [12]) = 36
recvfrom(3, {{len=36, type=NLMSG_ERROR, flags=0, seq=1, pid=99}, {error=0, msg={len=116, type=AUDIT_FIRST_USER_MSG, flags=NLM_F_REQUEST|NLM_F_ACK, seq=1, pid=0}}}, 8988, MSG_DONTWAIT, {sa_family=AF_NETLINK, nl_pid=0, nl_groups=00000000}, [12]) = 36
close(3)                                = 0
getuid()                                = 0
openat(AT_FDCWD, "/etc/login.defs", O_RDONLY) = 3
fstat(3, {st_mode=S_IFREG|0644, st_size=10550, ...}) = 0
read(3, "#\n# /etc/login.defs - Configurat"..., 4096) = 4096
read(3, " issuing \n# the \"mesg y\" command"..., 4096) = 4096
read(3, "algorithm compatible with the on"..., 4096) = 2358
close(3)                                = 0
openat(AT_FDCWD, "/etc/passwd", O_RDONLY|O_CLOEXEC) = 3
lseek(3, 0, SEEK_CUR)                   = 0
fstat(3, {st_mode=S_IFREG|0644, st_size=926, ...}) = 0
mmap(NULL, 926, PROT_READ, MAP_SHARED, 3, 0) = 0x7f11d037c000
lseek(3, 926, SEEK_SET)                 = 926
munmap(0x7f11d037c000, 926)             = 0
close(3)                                = 0
openat(AT_FDCWD, "/etc/shadow", O_RDONLY|O_CLOEXEC) = 3
lseek(3, 0, SEEK_CUR)                   = 0
fstat(3, {st_mode=S_IFREG|0640, st_size=501, ...}) = 0
mmap(NULL, 501, PROT_READ, MAP_SHARED, 3, 0) = 0x7f11d037c000
lseek(3, 501, SEEK_SET)                 = 501
munmap(0x7f11d037c000, 501)             = 0
close(3)                                = 0
socket(AF_NETLINK, SOCK_RAW, NETLINK_AUDIT) = 3
fcntl(3, F_SETFD, FD_CLOEXEC)           = 0
sendto(3, {{len=112, type=0x44d /* NLMSG_??? */, flags=NLM_F_REQUEST|NLM_F_ACK, seq=2, pid=0}, "\x6f\x70\x3d\x50\x41\x4d\x3a\x61\x63\x63\x6f\x75\x6e\x74\x69\x6e\x67\x20\x61\x63\x63\x74\x3d\x22\x72\x6f\x6f\x74\x22\x20\x65\x78"...}, 112, 0, {sa_family=AF_NETLINK, nl_pid=0, nl_groups=00000000}, 12) = 112
poll([{fd=3, events=POLLIN}], 1, 500)   = 1 ([{fd=3, revents=POLLIN}])
recvfrom(3, {{len=36, type=NLMSG_ERROR, flags=0, seq=2, pid=99}, {error=0, msg={len=112, type=0x44d /* AUDIT_??? */, flags=NLM_F_REQUEST|NLM_F_ACK, seq=2, pid=0}}}, 8988, MSG_PEEK|MSG_DONTWAIT, {sa_family=AF_NETLINK, nl_pid=0, nl_groups=00000000}, [12]) = 36
recvfrom(3, {{len=36, type=NLMSG_ERROR, flags=0, seq=2, pid=99}, {error=0, msg={len=112, type=0x44d /* AUDIT_??? */, flags=NLM_F_REQUEST|NLM_F_ACK, seq=2, pid=0}}}, 8988, MSG_DONTWAIT, {sa_family=AF_NETLINK, nl_pid=0, nl_groups=00000000}, [12]) = 36
close(3)                                = 0
rt_sigaction(SIGINT, {sa_handler=SIG_DFL, sa_mask=[INT], sa_flags=SA_RESTORER|SA_RESTART, sa_restorer=0x7f11cf768f20}, {sa_handler=SIG_IGN, sa_mask=[INT], sa_flags=SA_RESTORER|SA_RESTART, sa_restorer=0x7f11cf768f20}, 8) = 0
rt_sigaction(SIGQUIT, {sa_handler=SIG_DFL, sa_mask=[QUIT], sa_flags=SA_RESTORER|SA_RESTART, sa_restorer=0x7f11cf768f20}, {sa_handler=SIG_IGN, sa_mask=[QUIT], sa_flags=SA_RESTORER|SA_RESTART, sa_restorer=0x7f11cf768f20}, 8) = 0
openat(AT_FDCWD, "/etc/localtime", O_RDONLY|O_CLOEXEC) = -1 ENOENT (No such file or directory)
getpid()                                = 99
socket(AF_UNIX, SOCK_DGRAM|SOCK_CLOEXEC, 0) = 3
connect(3, {sa_family=AF_UNIX, sun_path="/dev/log"}, 110) = -1 ENOENT (No such file or directory)
close(3)                                = 0
openat(AT_FDCWD, "/etc/login.defs", O_RDONLY) = 3
fstat(3, {st_mode=S_IFREG|0644, st_size=10550, ...}) = 0
read(3, "#\n# /etc/login.defs - Configurat"..., 4096) = 4096
read(3, " issuing \n# the \"mesg y\" command"..., 4096) = 4096
read(3, "algorithm compatible with the on"..., 4096) = 2358
read(3, "", 4096)                       = 0
close(3)                                = 0
getpid()                                = 99
socket(AF_UNIX, SOCK_DGRAM|SOCK_CLOEXEC, 0) = 3
connect(3, {sa_family=AF_UNIX, sun_path="/dev/log"}, 110) = -1 ENOENT (No such file or directory)
close(3)                                = 0
setgid(0)                               = 0
openat(AT_FDCWD, "/proc/sys/kernel/ngroups_max", O_RDONLY) = 3
read(3, "65536\n", 31)                  = 6
close(3)                                = 0
socket(AF_UNIX, SOCK_STREAM|SOCK_CLOEXEC|SOCK_NONBLOCK, 0) = 3
connect(3, {sa_family=AF_UNIX, sun_path="/var/run/nscd/socket"}, 110) = -1 ENOENT (No such file or directory)
close(3)                                = 0
socket(AF_UNIX, SOCK_STREAM|SOCK_CLOEXEC|SOCK_NONBLOCK, 0) = 3
connect(3, {sa_family=AF_UNIX, sun_path="/var/run/nscd/socket"}, 110) = -1 ENOENT (No such file or directory)
close(3)                                = 0
openat(AT_FDCWD, "/etc/group", O_RDONLY|O_CLOEXEC) = 3
lseek(3, 0, SEEK_CUR)                   = 0
fstat(3, {st_mode=S_IFREG|0644, st_size=457, ...}) = 0
mmap(NULL, 457, PROT_READ, MAP_SHARED, 3, 0) = 0x7f11d037c000
lseek(3, 457, SEEK_SET)                 = 457
fstat(3, {st_mode=S_IFREG|0644, st_size=457, ...}) = 0
munmap(0x7f11d037c000, 457)             = 0
close(3)                                = 0
setgroups(1, [0])                       = 0
socket(AF_NETLINK, SOCK_RAW, NETLINK_AUDIT) = 3
fcntl(3, F_SETFD, FD_CLOEXEC)           = 0
sendto(3, {{len=108, type=0x44f /* NLMSG_??? */, flags=NLM_F_REQUEST|NLM_F_ACK, seq=3, pid=0}, "\x6f\x70\x3d\x50\x41\x4d\x3a\x73\x65\x74\x63\x72\x65\x64\x20\x61\x63\x63\x74\x3d\x22\x72\x6f\x6f\x74\x22\x20\x65\x78\x65\x3d\x22"...}, 108, 0, {sa_family=AF_NETLINK, nl_pid=0, nl_groups=00000000}, 12) = 108
poll([{fd=3, events=POLLIN}], 1, 500)   = 1 ([{fd=3, revents=POLLIN}])
recvfrom(3, {{len=36, type=NLMSG_ERROR, flags=0, seq=3, pid=99}, {error=0, msg={len=108, type=0x44f /* AUDIT_??? */, flags=NLM_F_REQUEST|NLM_F_ACK, seq=3, pid=0}}}, 8988, MSG_PEEK|MSG_DONTWAIT, {sa_family=AF_NETLINK, nl_pid=0, nl_groups=00000000}, [12]) = 36
recvfrom(3, {{len=36, type=NLMSG_ERROR, flags=0, seq=3, pid=99}, {error=0, msg={len=108, type=0x44f /* AUDIT_??? */, flags=NLM_F_REQUEST|NLM_F_ACK, seq=3, pid=0}}}, 8988, MSG_DONTWAIT, {sa_family=AF_NETLINK, nl_pid=0, nl_groups=00000000}, [12]) = 36
close(3)                                = 0
openat(AT_FDCWD, "/etc/security/pam_env.conf", O_RDONLY) = 3
fstat(3, {st_mode=S_IFREG|0644, st_size=2972, ...}) = 0
read(3, "#\n# This is the configuration fi"..., 4096) = 2972
read(3, "", 4096)                       = 0
close(3)                                = 0
openat(AT_FDCWD, "/etc/environment", O_RDONLY) = 3
fstat(3, {st_mode=S_IFREG|0644, st_size=96, ...}) = 0
read(3, "PATH=\"/usr/local/sbin:/usr/local"..., 4096) = 96
read(3, "", 4096)                       = 0
close(3)                                = 0
openat(AT_FDCWD, "/etc/security/pam_env.conf", O_RDONLY) = 3
fstat(3, {st_mode=S_IFREG|0644, st_size=2972, ...}) = 0
read(3, "#\n# This is the configuration fi"..., 4096) = 2972
read(3, "", 4096)                       = 0
close(3)                                = 0
openat(AT_FDCWD, "/etc/default/locale", O_RDONLY) = -1 ENOENT (No such file or directory)
getpid()                                = 99
socket(AF_UNIX, SOCK_DGRAM|SOCK_CLOEXEC, 0) = 3
connect(3, {sa_family=AF_UNIX, sun_path="/dev/log"}, 110) = -1 ENOENT (No such file or directory)
close(3)                                = 0
openat(AT_FDCWD, "/etc/passwd", O_RDONLY|O_CLOEXEC) = 3
lseek(3, 0, SEEK_CUR)                   = 0
fstat(3, {st_mode=S_IFREG|0644, st_size=926, ...}) = 0
mmap(NULL, 926, PROT_READ, MAP_SHARED, 3, 0) = 0x7f11d037c000
lseek(3, 926, SEEK_SET)                 = 926
munmap(0x7f11d037c000, 926)             = 0
close(3)                                = 0
openat(AT_FDCWD, "/etc/passwd", O_RDONLY|O_CLOEXEC) = 3
lseek(3, 0, SEEK_CUR)                   = 0
fstat(3, {st_mode=S_IFREG|0644, st_size=926, ...}) = 0
mmap(NULL, 926, PROT_READ, MAP_SHARED, 3, 0) = 0x7f11d037c000
lseek(3, 926, SEEK_SET)                 = 926
munmap(0x7f11d037c000, 926)             = 0
close(3)                                = 0
prlimit64(0, RLIMIT_CPU, NULL, {rlim_cur=RLIM64_INFINITY, rlim_max=RLIM64_INFINITY}) = 0
prlimit64(0, RLIMIT_FSIZE, NULL, {rlim_cur=RLIM64_INFINITY, rlim_max=RLIM64_INFINITY}) = 0
prlimit64(0, RLIMIT_DATA, NULL, {rlim_cur=RLIM64_INFINITY, rlim_max=RLIM64_INFINITY}) = 0
prlimit64(0, RLIMIT_STACK, NULL, {rlim_cur=8192*1024, rlim_max=RLIM64_INFINITY}) = 0
prlimit64(0, RLIMIT_CORE, NULL, {rlim_cur=0, rlim_max=RLIM64_INFINITY}) = 0
prlimit64(0, RLIMIT_RSS, NULL, {rlim_cur=RLIM64_INFINITY, rlim_max=RLIM64_INFINITY}) = 0
prlimit64(0, RLIMIT_NPROC, NULL, {rlim_cur=RLIM64_INFINITY, rlim_max=RLIM64_INFINITY}) = 0
prlimit64(0, RLIMIT_NOFILE, NULL, {rlim_cur=1024*1024, rlim_max=1024*1024}) = 0
prlimit64(0, RLIMIT_MEMLOCK, NULL, {rlim_cur=82000*1024, rlim_max=82000*1024}) = 0
prlimit64(0, RLIMIT_AS, NULL, {rlim_cur=RLIM64_INFINITY, rlim_max=RLIM64_INFINITY}) = 0
prlimit64(0, RLIMIT_LOCKS, NULL, {rlim_cur=RLIM64_INFINITY, rlim_max=RLIM64_INFINITY}) = 0
prlimit64(0, RLIMIT_SIGPENDING, NULL, {rlim_cur=7918, rlim_max=7918}) = 0
prlimit64(0, RLIMIT_MSGQUEUE, NULL, {rlim_cur=800*1024, rlim_max=800*1024}) = 0
prlimit64(0, RLIMIT_NICE, NULL, {rlim_cur=0, rlim_max=0}) = 0
prlimit64(0, RLIMIT_RTPRIO, NULL, {rlim_cur=0, rlim_max=0}) = 0
prlimit64(0, RLIMIT_RTTIME, NULL, {rlim_cur=RLIM64_INFINITY, rlim_max=RLIM64_INFINITY}) = 0
openat(AT_FDCWD, "/proc/1/limits", O_RDONLY) = 3
fstat(3, {st_mode=S_IFREG|0444, st_size=0, ...}) = 0
read(3, "Limit                     Soft L"..., 1024) = 1024
read(3, "  \nMax msgqueue size         819"..., 1024) = 299
read(3, "", 1024)                       = 0
close(3)                                = 0
getpriority(PRIO_PROCESS, 0)            = 20
openat(AT_FDCWD, "/etc/security/limits.conf", O_RDONLY) = 3
fstat(3, {st_mode=S_IFREG|0644, st_size=2150, ...}) = 0
read(3, "# /etc/security/limits.conf\n#\n#E"..., 4096) = 2150
read(3, "", 4096)                       = 0
close(3)                                = 0
openat(AT_FDCWD, "/etc/security/limits.d", O_RDONLY|O_NONBLOCK|O_CLOEXEC|O_DIRECTORY) = 3
fstat(3, {st_mode=S_IFDIR|0755, st_size=4096, ...}) = 0
getdents(3, /* 2 entries */, 32768)     = 48
getdents(3, /* 0 entries */, 32768)     = 0
close(3)                                = 0
prlimit64(0, RLIMIT_CPU, {rlim_cur=RLIM64_INFINITY, rlim_max=RLIM64_INFINITY}, NULL) = 0
prlimit64(0, RLIMIT_FSIZE, {rlim_cur=RLIM64_INFINITY, rlim_max=RLIM64_INFINITY}, NULL) = 0
prlimit64(0, RLIMIT_DATA, {rlim_cur=RLIM64_INFINITY, rlim_max=RLIM64_INFINITY}, NULL) = 0
prlimit64(0, RLIMIT_STACK, {rlim_cur=8192*1024, rlim_max=RLIM64_INFINITY}, NULL) = 0
prlimit64(0, RLIMIT_CORE, {rlim_cur=0, rlim_max=RLIM64_INFINITY}, NULL) = 0
prlimit64(0, RLIMIT_RSS, {rlim_cur=RLIM64_INFINITY, rlim_max=RLIM64_INFINITY}, NULL) = 0
prlimit64(0, RLIMIT_NPROC, {rlim_cur=RLIM64_INFINITY, rlim_max=RLIM64_INFINITY}, NULL) = 0
prlimit64(0, RLIMIT_NOFILE, {rlim_cur=1024, rlim_max=1024*1024}, NULL) = 0
prlimit64(0, RLIMIT_MEMLOCK, {rlim_cur=82000*1024, rlim_max=82000*1024}, NULL) = 0
prlimit64(0, RLIMIT_AS, {rlim_cur=RLIM64_INFINITY, rlim_max=RLIM64_INFINITY}, NULL) = 0
prlimit64(0, RLIMIT_LOCKS, {rlim_cur=RLIM64_INFINITY, rlim_max=RLIM64_INFINITY}, NULL) = 0
prlimit64(0, RLIMIT_SIGPENDING, {rlim_cur=7918, rlim_max=7918}, NULL) = 0
prlimit64(0, RLIMIT_MSGQUEUE, {rlim_cur=800*1024, rlim_max=800*1024}, NULL) = 0
prlimit64(0, RLIMIT_NICE, {rlim_cur=0, rlim_max=0}, NULL) = 0
prlimit64(0, RLIMIT_RTPRIO, {rlim_cur=0, rlim_max=0}, NULL) = 0
prlimit64(0, RLIMIT_RTTIME, {rlim_cur=RLIM64_INFINITY, rlim_max=RLIM64_INFINITY}, NULL) = 0
setpriority(PRIO_PROCESS, 0, 0)         = 0
openat(AT_FDCWD, "/etc/login.defs", O_RDONLY) = 3
fstat(3, {st_mode=S_IFREG|0644, st_size=10550, ...}) = 0
read(3, "#\n# /etc/login.defs - Configurat"..., 4096) = 4096
read(3, " issuing \n# the \"mesg y\" command"..., 4096) = 4096
close(3)                                = 0
openat(AT_FDCWD, "/etc/login.defs", O_RDONLY) = 3
fstat(3, {st_mode=S_IFREG|0644, st_size=10550, ...}) = 0
read(3, "#\n# /etc/login.defs - Configurat"..., 4096) = 4096
read(3, " issuing \n# the \"mesg y\" command"..., 4096) = 4096
close(3)                                = 0
openat(AT_FDCWD, "/etc/passwd", O_RDONLY|O_CLOEXEC) = 3
lseek(3, 0, SEEK_CUR)                   = 0
fstat(3, {st_mode=S_IFREG|0644, st_size=926, ...}) = 0
mmap(NULL, 926, PROT_READ, MAP_SHARED, 3, 0) = 0x7f11d037c000
lseek(3, 926, SEEK_SET)                 = 926
munmap(0x7f11d037c000, 926)             = 0
close(3)                                = 0
umask(022)                              = 022
getuid()                                = 0
openat(AT_FDCWD, "/etc/login.defs", O_RDONLY) = 3
fstat(3, {st_mode=S_IFREG|0644, st_size=10550, ...}) = 0
read(3, "#\n# /etc/login.defs - Configurat"..., 4096) = 4096
read(3, " issuing \n# the \"mesg y\" command"..., 4096) = 4096
read(3, "algorithm compatible with the on"..., 4096) = 2358
close(3)                                = 0
access("/var/run/utmpx", F_OK)          = -1 ENOENT (No such file or directory)
openat(AT_FDCWD, "/var/run/utmp", O_RDONLY|O_CLOEXEC) = 3
lseek(3, 0, SEEK_SET)                   = 0
alarm(0)                                = 0
rt_sigaction(SIGALRM, {sa_handler=0x7f11cf88dac0, sa_mask=[], sa_flags=SA_RESTORER, sa_restorer=0x7f11cf768f20}, {sa_handler=SIG_DFL, sa_mask=[], sa_flags=SA_RESTORER, sa_restorer=0x7f11cf768f20}, 8) = 0
alarm(10)                               = 0
fcntl(3, F_SETLKW, {l_type=F_RDLCK, l_whence=SEEK_SET, l_start=0, l_len=0}) = 0
read(3, "", 384)                        = 0
fcntl(3, F_SETLKW, {l_type=F_UNLCK, l_whence=SEEK_SET, l_start=0, l_len=0}) = 0
alarm(0)                                = 10
rt_sigaction(SIGALRM, {sa_handler=SIG_DFL, sa_mask=[], sa_flags=SA_RESTORER, sa_restorer=0x7f11cf768f20}, NULL, 8) = 0
close(3)                                = 0
getuid()                                = 0
getpid()                                = 99
socket(AF_UNIX, SOCK_DGRAM|SOCK_CLOEXEC, 0) = 3
connect(3, {sa_family=AF_UNIX, sun_path="/dev/log"}, 110) = -1 ENOENT (No such file or directory)
close(3)                                = 0
socket(AF_NETLINK, SOCK_RAW, NETLINK_AUDIT) = 3
fcntl(3, F_SETFD, FD_CLOEXEC)           = 0
sendto(3, {{len=112, type=0x451 /* NLMSG_??? */, flags=NLM_F_REQUEST|NLM_F_ACK, seq=4, pid=0}, "\x6f\x70\x3d\x50\x41\x4d\x3a\x73\x65\x73\x73\x69\x6f\x6e\x5f\x6f\x70\x65\x6e\x20\x61\x63\x63\x74\x3d\x22\x72\x6f\x6f\x74\x22\x20"...}, 112, 0, {sa_family=AF_NETLINK, nl_pid=0, nl_groups=00000000}, 12) = 112
poll([{fd=3, events=POLLIN}], 1, 500)   = 1 ([{fd=3, revents=POLLIN}])
recvfrom(3, {{len=36, type=NLMSG_ERROR, flags=0, seq=4, pid=99}, {error=0, msg={len=112, type=0x451 /* AUDIT_??? */, flags=NLM_F_REQUEST|NLM_F_ACK, seq=4, pid=0}}}, 8988, MSG_PEEK|MSG_DONTWAIT, {sa_family=AF_NETLINK, nl_pid=0, nl_groups=00000000}, [12]) = 36
recvfrom(3, {{len=36, type=NLMSG_ERROR, flags=0, seq=4, pid=99}, {error=0, msg={len=112, type=0x451 /* AUDIT_??? */, flags=NLM_F_REQUEST|NLM_F_ACK, seq=4, pid=0}}}, 8988, MSG_DONTWAIT, {sa_family=AF_NETLINK, nl_pid=0, nl_groups=00000000}, [12]) = 36
close(3)                                = 0
clone(child_stack=NULL, flags=CLONE_CHILD_CLEARTID|CLONE_CHILD_SETTID|SIGCHLD, child_tidptr=0x7f11d03777d0) = 100
rt_sigprocmask(SIG_BLOCK, ~[RTMIN RT_1], NULL, 8) = 0
rt_sigaction(SIGTERM, {sa_handler=0x562b1868c400, sa_mask=[], sa_flags=SA_RESTORER, sa_restorer=0x7f11cf768f20}, NULL, 8) = 0
rt_sigprocmask(SIG_UNBLOCK, [ALRM TERM], NULL, 8) = 0
wait4(-1, 0x7fffb82a879c, WSTOPPED, NULL) = ? ERESTARTSYS (To be restarted if SA_RESTART is set)
--- SIGTERM {si_signo=SIGTERM, si_code=SI_USER, si_pid=0, si_uid=0} ---
rt_sigreturn({mask=~[KILL ALRM TERM STOP RTMIN RT_1]}) = -1 EINTR (Interrupted system call)
write(2, "\n", 1)                       = -1 EIO (Input/output error)
write(2, "Session terminated, terminating "..., 40) = -1 EIO (Input/output error)
kill(-100, SIGTERM)                     = -1 ESRCH (No such process)
rt_sigaction(SIGALRM, {sa_handler=0x562b1868c450, sa_mask=[ALRM], sa_flags=SA_RESTORER|SA_RESTART, sa_restorer=0x7f11cf768f20}, {sa_handler=SIG_DFL, sa_mask=[], sa_flags=SA_RESTORER, sa_restorer=0x7f11cf768f20}, 8) = 0
rt_sigaction(SIGCHLD, {sa_handler=0x562b1868c400, sa_mask=[CHLD], sa_flags=SA_RESTORER|SA_RESTART, sa_restorer=0x7f11cf768f20}, {sa_handler=SIG_DFL, sa_mask=[], sa_flags=0}, 8) = 0
alarm(2)                                = 0
rt_sigprocmask(SIG_BLOCK, [ALRM], NULL, 8) = 0
wait4(100, [{WIFEXITED(s) && WEXITSTATUS(s) == 0}], WNOHANG, NULL) = 100
rt_sigprocmask(SIG_UNBLOCK, [ALRM], NULL, 8) = 0
write(2, " ...terminated.\n", 16)       = -1 EIO (Input/output error)
openat(AT_FDCWD, "/etc/passwd", O_RDONLY|O_CLOEXEC) = 3
lseek(3, 0, SEEK_CUR)                   = 0
fstat(3, {st_mode=S_IFREG|0644, st_size=926, ...}) = 0
mmap(NULL, 926, PROT_READ, MAP_SHARED, 3, 0) = 0x7f11d037c000
lseek(3, 926, SEEK_SET)                 = 926
munmap(0x7f11d037c000, 926)             = 0
close(3)                                = 0
getuid()                                = 0
openat(AT_FDCWD, "/etc/login.defs", O_RDONLY) = 3
fstat(3, {st_mode=S_IFREG|0644, st_size=10550, ...}) = 0
read(3, "#\n# /etc/login.defs - Configurat"..., 4096) = 4096
read(3, " issuing \n# the \"mesg y\" command"..., 4096) = 4096
read(3, "algorithm compatible with the on"..., 4096) = 2358
close(3)                                = 0
getpid()                                = 99
socket(AF_UNIX, SOCK_DGRAM|SOCK_CLOEXEC, 0) = 3
connect(3, {sa_family=AF_UNIX, sun_path="/dev/log"}, 110) = -1 ENOENT (No such file or directory)
close(3)                                = 0
socket(AF_NETLINK, SOCK_RAW, NETLINK_AUDIT) = 3
fcntl(3, F_SETFD, FD_CLOEXEC)           = 0
sendto(3, {{len=116, type=0x452 /* NLMSG_??? */, flags=NLM_F_REQUEST|NLM_F_ACK, seq=5, pid=0}, "\x6f\x70\x3d\x50\x41\x4d\x3a\x73\x65\x73\x73\x69\x6f\x6e\x5f\x63\x6c\x6f\x73\x65\x20\x61\x63\x63\x74\x3d\x22\x72\x6f\x6f\x74\x22"...}, 116, 0, {sa_family=AF_NETLINK, nl_pid=0, nl_groups=00000000}, 12) = 116
poll([{fd=3, events=POLLIN}], 1, 500)   = 1 ([{fd=3, revents=POLLIN}])
recvfrom(3, {{len=36, type=NLMSG_ERROR, flags=0, seq=5, pid=99}, {error=0, msg={len=116, type=0x452 /* AUDIT_??? */, flags=NLM_F_REQUEST|NLM_F_ACK, seq=5, pid=0}}}, 8988, MSG_PEEK|MSG_DONTWAIT, {sa_family=AF_NETLINK, nl_pid=0, nl_groups=00000000}, [12]) = 36
recvfrom(3, {{len=36, type=NLMSG_ERROR, flags=0, seq=5, pid=99}, {error=0, msg={len=116, type=0x452 /* AUDIT_??? */, flags=NLM_F_REQUEST|NLM_F_ACK, seq=5, pid=0}}}, 8988, MSG_DONTWAIT, {sa_family=AF_NETLINK, nl_pid=0, nl_groups=00000000}, [12]) = 36
close(3)                                = 0
socket(AF_NETLINK, SOCK_RAW, NETLINK_AUDIT) = 3
fcntl(3, F_SETFD, FD_CLOEXEC)           = 0
sendto(3, {{len=108, type=0x450 /* NLMSG_??? */, flags=NLM_F_REQUEST|NLM_F_ACK, seq=6, pid=0}, "\x6f\x70\x3d\x50\x41\x4d\x3a\x73\x65\x74\x63\x72\x65\x64\x20\x61\x63\x63\x74\x3d\x22\x72\x6f\x6f\x74\x22\x20\x65\x78\x65\x3d\x22"...}, 108, 0, {sa_family=AF_NETLINK, nl_pid=0, nl_groups=00000000}, 12) = 108
poll([{fd=3, events=POLLIN}], 1, 500)   = 1 ([{fd=3, revents=POLLIN}])
recvfrom(3, {{len=36, type=NLMSG_ERROR, flags=0, seq=6, pid=99}, {error=0, msg={len=108, type=0x450 /* AUDIT_??? */, flags=NLM_F_REQUEST|NLM_F_ACK, seq=6, pid=0}}}, 8988, MSG_PEEK|MSG_DONTWAIT, {sa_family=AF_NETLINK, nl_pid=0, nl_groups=00000000}, [12]) = 36
recvfrom(3, {{len=36, type=NLMSG_ERROR, flags=0, seq=6, pid=99}, {error=0, msg={len=108, type=0x450 /* AUDIT_??? */, flags=NLM_F_REQUEST|NLM_F_ACK, seq=6, pid=0}}}, 8988, MSG_DONTWAIT, {sa_family=AF_NETLINK, nl_pid=0, nl_groups=00000000}, [12]) = 36
close(3)                                = 0
munmap(0x7f11ce8dc000, 2105512)         = 0
munmap(0x7f11ce01f000, 2109672)         = 0
munmap(0x7f11cde1c000, 2105520)         = 0
munmap(0x7f11cdc16000, 2118008)         = 0
munmap(0x7f11cd9fb000, 2204672)         = 0
munmap(0x7f11ce6b4000, 2259152)         = 0
munmap(0x7f11ce442000, 2560264)         = 0
munmap(0x7f11cd7c3000, 2322976)         = 0
munmap(0x7f11cd5c1000, 2101288)         = 0
munmap(0x7f11cd3bf000, 2101312)         = 0
munmap(0x7f11cd1bc000, 2105584)         = 0
exit_group(0)                           = ?
+++ exited with 0 +++
