execve("/usr/bin/users", ["users"], 0x7fff81267a00 /* 11 vars */) = 0
brk(NULL)                               = 0x55a28be4c000
access("/etc/ld.so.nohwcap", F_OK)      = -1 ENOENT (No such file or directory)
access("/etc/ld.so.preload", R_OK)      = -1 ENOENT (No such file or directory)
openat(AT_FDCWD, "/etc/ld.so.cache", O_RDONLY|O_CLOEXEC) = 3
fstat(3, {st_mode=S_IFREG|0644, st_size=11270, ...}) = 0
mmap(NULL, 11270, PROT_READ, MAP_PRIVATE, 3, 0) = 0x7fb39ae9a000
close(3)                                = 0
access("/etc/ld.so.nohwcap", F_OK)      = -1 ENOENT (No such file or directory)
openat(AT_FDCWD, "/lib/x86_64-linux-gnu/libc.so.6", O_RDONLY|O_CLOEXEC) = 3
read(3, "\177ELF\2\1\1\3\0\0\0\0\0\0\0\0\3\0>\0\1\0\0\0\260\34\2\0\0\0\0\0"..., 832) = 832
fstat(3, {st_mode=S_IFREG|0755, st_size=2030544, ...}) = 0
mmap(NULL, 8192, PROT_READ|PROT_WRITE, MAP_PRIVATE|MAP_ANONYMOUS, -1, 0) = 0x7fb39ae98000
mmap(NULL, 4131552, PROT_READ|PROT_EXEC, MAP_PRIVATE|MAP_DENYWRITE, 3, 0) = 0x7fb39a885000
mprotect(0x7fb39aa6c000, 2097152, PROT_NONE) = 0
mmap(0x7fb39ac6c000, 24576, PROT_READ|PROT_WRITE, MAP_PRIVATE|MAP_FIXED|MAP_DENYWRITE, 3, 0x1e7000) = 0x7fb39ac6c000
mmap(0x7fb39ac72000, 15072, PROT_READ|PROT_WRITE, MAP_PRIVATE|MAP_FIXED|MAP_ANONYMOUS, -1, 0) = 0x7fb39ac72000
close(3)                                = 0
arch_prctl(ARCH_SET_FS, 0x7fb39ae99540) = 0
mprotect(0x7fb39ac6c000, 16384, PROT_READ) = 0
mprotect(0x55a28b8d1000, 4096, PROT_READ) = 0
mprotect(0x7fb39ae9d000, 4096, PROT_READ) = 0
munmap(0x7fb39ae9a000, 11270)           = 0
brk(NULL)                               = 0x55a28be4c000
brk(0x55a28be6d000)                     = 0x55a28be6d000
access("/var/run/utmpx", F_OK)          = -1 ENOENT (No such file or directory)
openat(AT_FDCWD, "/var/run/utmp", O_RDONLY|O_CLOEXEC) = 3
lseek(3, 0, SEEK_SET)                   = 0
alarm(0)                                = 0
rt_sigaction(SIGALRM, {sa_handler=0x7fb39a9e8ac0, sa_mask=[], sa_flags=SA_RESTORER, sa_restorer=0x7fb39a8c3f20}, {sa_handler=SIG_DFL, sa_mask=[], sa_flags=0}, 8) = 0
alarm(10)                               = 0
fcntl(3, F_SETLKW, {l_type=F_RDLCK, l_whence=SEEK_SET, l_start=0, l_len=0}) = 0
read(3, "", 384)                        = 0
fcntl(3, F_SETLKW, {l_type=F_UNLCK, l_whence=SEEK_SET, l_start=0, l_len=0}) = 0
alarm(0)                                = 10
rt_sigaction(SIGALRM, {sa_handler=SIG_DFL, sa_mask=[], sa_flags=SA_RESTORER, sa_restorer=0x7fb39a8c3f20}, NULL, 8) = 0
close(3)                                = 0
close(1)                                = 0
close(2)                                = 0
exit_group(0)                           = ?
+++ exited with 0 +++
