execve("/bin/df", ["df"], 0x7ffd80f81a00 /* 11 vars */) = 0
brk(NULL)                               = 0x55d8b9f95000
access("/etc/ld.so.nohwcap", F_OK)      = -1 ENOENT (No such file or directory)
access("/etc/ld.so.preload", R_OK)      = -1 ENOENT (No such file or directory)
openat(AT_FDCWD, "/etc/ld.so.cache", O_RDONLY|O_CLOEXEC) = 3
fstat(3, {st_mode=S_IFREG|0644, st_size=11270, ...}) = 0
mmap(NULL, 11270, PROT_READ, MAP_PRIVATE, 3, 0) = 0x7f1ef455f000
close(3)                                = 0
access("/etc/ld.so.nohwcap", F_OK)      = -1 ENOENT (No such file or directory)
openat(AT_FDCWD, "/lib/x86_64-linux-gnu/libc.so.6", O_RDONLY|O_CLOEXEC) = 3
read(3, "\177ELF\2\1\1\3\0\0\0\0\0\0\0\0\3\0>\0\1\0\0\0\260\34\2\0\0\0\0\0"..., 832) = 832
fstat(3, {st_mode=S_IFREG|0755, st_size=2030544, ...}) = 0
mmap(NULL, 8192, PROT_READ|PROT_WRITE, MAP_PRIVATE|MAP_ANONYMOUS, -1, 0) = 0x7f1ef455d000
mmap(NULL, 4131552, PROT_READ|PROT_EXEC, MAP_PRIVATE|MAP_DENYWRITE, 3, 0) = 0x7f1ef3f4a000
mprotect(0x7f1ef4131000, 2097152, PROT_NONE) = 0
mmap(0x7f1ef4331000, 24576, PROT_READ|PROT_WRITE, MAP_PRIVATE|MAP_FIXED|MAP_DENYWRITE, 3, 0x1e7000) = 0x7f1ef4331000
mmap(0x7f1ef4337000, 15072, PROT_READ|PROT_WRITE, MAP_PRIVATE|MAP_FIXED|MAP_ANONYMOUS, -1, 0) = 0x7f1ef4337000
close(3)                                = 0
arch_prctl(ARCH_SET_FS, 0x7f1ef455e540) = 0
mprotect(0x7f1ef4331000, 16384, PROT_READ) = 0
mprotect(0x55d8b82e0000, 4096, PROT_READ) = 0
mprotect(0x7f1ef4562000, 4096, PROT_READ) = 0
munmap(0x7f1ef455f000, 11270)           = 0
brk(NULL)                               = 0x55d8b9f95000
brk(0x55d8b9fb6000)                     = 0x55d8b9fb6000
openat(AT_FDCWD, "/proc/self/mountinfo", O_RDONLY) = 3
fstat(3, {st_mode=S_IFREG|0444, st_size=0, ...}) = 0
read(3, "512 355 0:116 / / rw,relatime ma"..., 1024) = 1024
read(3, "nosuid,nodev,noexec,relatime - s"..., 1024) = 1024
read(3, "er/d2350e109e27900af75414784b8e0"..., 1024) = 1024
read(3, "atime master:28 - cgroup hugetlb"..., 1024) = 1024
read(3, "355e1fc85c6199/resolv.conf /etc/"..., 1024) = 1024
read(3, "55\n388 513 0:119 /null /proc/tim"..., 1024) = 233
read(3, "", 1024)                       = 0
lseek(3, 0, SEEK_CUR)                   = 5353
close(3)                                = 0
stat("/", {st_mode=S_IFDIR|0755, st_size=4096, ...}) = 0
stat("/dev", {st_mode=S_IFDIR|0755, st_size=360, ...}) = 0
stat("/sys/fs/cgroup", {st_mode=S_IFDIR|0555, st_size=300, ...}) = 0
stat("/sys/fs/cgroup/cpuset", {st_mode=S_IFDIR|0755, st_size=0, ...}) = 0
stat("/sys/fs/cgroup/cpu", {st_mode=S_IFDIR|0755, st_size=0, ...}) = 0
stat("/sys/fs/cgroup/cpuacct", {st_mode=S_IFDIR|0755, st_size=0, ...}) = 0
stat("/sys/fs/cgroup/blkio", {st_mode=S_IFDIR|0755, st_size=0, ...}) = 0
stat("/sys/fs/cgroup/memory", {st_mode=S_IFDIR|0755, st_size=0, ...}) = 0
stat("/sys/fs/cgroup/devices", {st_mode=S_IFDIR|0755, st_size=0, ...}) = 0
stat("/sys/fs/cgroup/freezer", {st_mode=S_IFDIR|0755, st_size=0, ...}) = 0
stat("/sys/fs/cgroup/net_cls", {st_mode=S_IFDIR|0755, st_size=0, ...}) = 0
stat("/sys/fs/cgroup/perf_event", {st_mode=S_IFDIR|0755, st_size=0, ...}) = 0
stat("/sys/fs/cgroup/net_prio", {st_mode=S_IFDIR|0755, st_size=0, ...}) = 0
stat("/sys/fs/cgroup/hugetlb", {st_mode=S_IFDIR|0755, st_size=0, ...}) = 0
stat("/sys/fs/cgroup/pids", {st_mode=S_IFDIR|0755, st_size=0, ...}) = 0
stat("/sys/fs/cgroup/systemd", {st_mode=S_IFDIR|0755, st_size=0, ...}) = 0
stat("/dev/shm", {st_mode=S_IFDIR|S_ISVTX|0777, st_size=40, ...}) = 0
stat("/trace", {st_mode=S_IFDIR|0777, st_size=8192, ...}) = 0
stat("/etc/resolv.conf", {st_mode=S_IFREG|0644, st_size=74, ...}) = 0
stat("/etc/hostname", {st_mode=S_IFREG|0644, st_size=13, ...}) = 0
stat("/etc/hosts", {st_mode=S_IFREG|0644, st_size=174, ...}) = 0
stat("/proc/acpi", {st_mode=S_IFDIR|S_ISVTX|0777, st_size=40, ...}) = 0
stat("/proc/kcore", {st_mode=S_IFCHR|0666, st_rdev=makedev(1, 3), ...}) = 0
stat("/proc/keys", {st_mode=S_IFCHR|0666, st_rdev=makedev(1, 3), ...}) = 0
stat("/proc/timer_list", {st_mode=S_IFCHR|0666, st_rdev=makedev(1, 3), ...}) = 0
stat("/proc/sched_debug", {st_mode=S_IFCHR|0666, st_rdev=makedev(1, 3), ...}) = 0
stat("/sys/firmware", {st_mode=S_IFDIR|S_ISVTX|0777, st_size=40, ...}) = 0
uname({sysname="Linux", nodename="d2350e109e27", ...}) = 0
statfs("/", {f_type=OVERLAYFS_SUPER_MAGIC, f_bsize=4096, f_blocks=15313913, f_bfree=14911986, f_bavail=14126653, f_files=3907584, f_ffree=3891572, f_fsid={val=[1688382554, 1858210496]}, f_namelen=255, f_frsize=4096, f_flags=ST_VALID|ST_RELATIME}) = 0
statfs("/dev", {f_type=TMPFS_MAGIC, f_bsize=4096, f_blocks=16384, f_bfree=16384, f_bavail=16384, f_files=255876, f_ffree=255859, f_fsid={val=[0, 0]}, f_namelen=255, f_frsize=4096, f_flags=ST_VALID|ST_NOSUID}) = 0
statfs("/sys/fs/cgroup", {f_type=TMPFS_MAGIC, f_bsize=4096, f_blocks=255876, f_bfree=255876, f_bavail=255876, f_files=255876, f_ffree=255862, f_fsid={val=[0, 0]}, f_namelen=255, f_frsize=4096, f_flags=ST_VALID|ST_RDONLY|ST_NOSUID|ST_NODEV|ST_NOEXEC|ST_RELATIME}) = 0
statfs("/sys/fs/cgroup/cpuset", {f_type=CGROUP_SUPER_MAGIC, f_bsize=4096, f_blocks=0, f_bfree=0, f_bavail=0, f_files=0, f_ffree=0, f_fsid={val=[0, 0]}, f_namelen=255, f_frsize=4096, f_flags=ST_VALID|ST_RDONLY|ST_NOSUID|ST_NODEV|ST_NOEXEC|ST_RELATIME}) = 0
statfs("/sys/fs/cgroup/cpu", {f_type=CGROUP_SUPER_MAGIC, f_bsize=4096, f_blocks=0, f_bfree=0, f_bavail=0, f_files=0, f_ffree=0, f_fsid={val=[0, 0]}, f_namelen=255, f_frsize=4096, f_flags=ST_VALID|ST_RDONLY|ST_NOSUID|ST_NODEV|ST_NOEXEC|ST_RELATIME}) = 0
statfs("/sys/fs/cgroup/cpuacct", {f_type=CGROUP_SUPER_MAGIC, f_bsize=4096, f_blocks=0, f_bfree=0, f_bavail=0, f_files=0, f_ffree=0, f_fsid={val=[0, 0]}, f_namelen=255, f_frsize=4096, f_flags=ST_VALID|ST_RDONLY|ST_NOSUID|ST_NODEV|ST_NOEXEC|ST_RELATIME}) = 0
statfs("/sys/fs/cgroup/blkio", {f_type=CGROUP_SUPER_MAGIC, f_bsize=4096, f_blocks=0, f_bfree=0, f_bavail=0, f_files=0, f_ffree=0, f_fsid={val=[0, 0]}, f_namelen=255, f_frsize=4096, f_flags=ST_VALID|ST_RDONLY|ST_NOSUID|ST_NODEV|ST_NOEXEC|ST_RELATIME}) = 0
statfs("/sys/fs/cgroup/memory", {f_type=CGROUP_SUPER_MAGIC, f_bsize=4096, f_blocks=0, f_bfree=0, f_bavail=0, f_files=0, f_ffree=0, f_fsid={val=[0, 0]}, f_namelen=255, f_frsize=4096, f_flags=ST_VALID|ST_RDONLY|ST_NOSUID|ST_NODEV|ST_NOEXEC|ST_RELATIME}) = 0
statfs("/sys/fs/cgroup/devices", {f_type=CGROUP_SUPER_MAGIC, f_bsize=4096, f_blocks=0, f_bfree=0, f_bavail=0, f_files=0, f_ffree=0, f_fsid={val=[0, 0]}, f_namelen=255, f_frsize=4096, f_flags=ST_VALID|ST_RDONLY|ST_NOSUID|ST_NODEV|ST_NOEXEC|ST_RELATIME}) = 0
statfs("/sys/fs/cgroup/freezer", {f_type=CGROUP_SUPER_MAGIC, f_bsize=4096, f_blocks=0, f_bfree=0, f_bavail=0, f_files=0, f_ffree=0, f_fsid={val=[0, 0]}, f_namelen=255, f_frsize=4096, f_flags=ST_VALID|ST_RDONLY|ST_NOSUID|ST_NODEV|ST_NOEXEC|ST_RELATIME}) = 0
statfs("/sys/fs/cgroup/net_cls", {f_type=CGROUP_SUPER_MAGIC, f_bsize=4096, f_blocks=0, f_bfree=0, f_bavail=0, f_files=0, f_ffree=0, f_fsid={val=[0, 0]}, f_namelen=255, f_frsize=4096, f_flags=ST_VALID|ST_RDONLY|ST_NOSUID|ST_NODEV|ST_NOEXEC|ST_RELATIME}) = 0
statfs("/sys/fs/cgroup/perf_event", {f_type=CGROUP_SUPER_MAGIC, f_bsize=4096, f_blocks=0, f_bfree=0, f_bavail=0, f_files=0, f_ffree=0, f_fsid={val=[0, 0]}, f_namelen=255, f_frsize=4096, f_flags=ST_VALID|ST_RDONLY|ST_NOSUID|ST_NODEV|ST_NOEXEC|ST_RELATIME}) = 0
statfs("/sys/fs/cgroup/net_prio", {f_type=CGROUP_SUPER_MAGIC, f_bsize=4096, f_blocks=0, f_bfree=0, f_bavail=0, f_files=0, f_ffree=0, f_fsid={val=[0, 0]}, f_namelen=255, f_frsize=4096, f_flags=ST_VALID|ST_RDONLY|ST_NOSUID|ST_NODEV|ST_NOEXEC|ST_RELATIME}) = 0
statfs("/sys/fs/cgroup/hugetlb", {f_type=CGROUP_SUPER_MAGIC, f_bsize=4096, f_blocks=0, f_bfree=0, f_bavail=0, f_files=0, f_ffree=0, f_fsid={val=[0, 0]}, f_namelen=255, f_frsize=4096, f_flags=ST_VALID|ST_RDONLY|ST_NOSUID|ST_NODEV|ST_NOEXEC|ST_RELATIME}) = 0
statfs("/sys/fs/cgroup/pids", {f_type=CGROUP_SUPER_MAGIC, f_bsize=4096, f_blocks=0, f_bfree=0, f_bavail=0, f_files=0, f_ffree=0, f_fsid={val=[0, 0]}, f_namelen=255, f_frsize=4096, f_flags=ST_VALID|ST_RDONLY|ST_NOSUID|ST_NODEV|ST_NOEXEC|ST_RELATIME}) = 0
statfs("/sys/fs/cgroup/systemd", {f_type=CGROUP_SUPER_MAGIC, f_bsize=4096, f_blocks=0, f_bfree=0, f_bavail=0, f_files=0, f_ffree=0, f_fsid={val=[0, 0]}, f_namelen=255, f_frsize=4096, f_flags=ST_VALID|ST_RDONLY|ST_NOSUID|ST_NODEV|ST_NOEXEC|ST_RELATIME}) = 0
statfs("/dev/shm", {f_type=TMPFS_MAGIC, f_bsize=4096, f_blocks=16384, f_bfree=16384, f_bavail=16384, f_files=255876, f_ffree=255875, f_fsid={val=[0, 0]}, f_namelen=255, f_frsize=4096, f_flags=ST_VALID|ST_NOSUID|ST_NODEV|ST_NOEXEC|ST_RELATIME}) = 0
statfs("/trace", {f_type=SMB2_MAGIC_NUMBER, f_bsize=4096, f_blocks=134041855, f_bfree=78320041, f_bavail=78320041, f_files=0, f_ffree=0, f_fsid={val=[0, 0]}, f_namelen=4096, f_frsize=4096, f_flags=ST_VALID|ST_RELATIME}) = 0
statfs("/etc/hosts", {f_type=EXT2_SUPER_MAGIC, f_bsize=4096, f_blocks=15313913, f_bfree=14911986, f_bavail=14126653, f_files=3907584, f_ffree=3891572, f_fsid={val=[1688382554, 1858210496]}, f_namelen=255, f_frsize=4096, f_flags=ST_VALID|ST_RELATIME}) = 0
statfs("/proc/acpi", {f_type=TMPFS_MAGIC, f_bsize=4096, f_blocks=255876, f_bfree=255876, f_bavail=255876, f_files=255876, f_ffree=255875, f_fsid={val=[0, 0]}, f_namelen=255, f_frsize=4096, f_flags=ST_VALID|ST_RDONLY|ST_RELATIME}) = 0
statfs("/sys/firmware", {f_type=TMPFS_MAGIC, f_bsize=4096, f_blocks=255876, f_bfree=255876, f_bavail=255876, f_files=255876, f_ffree=255875, f_fsid={val=[0, 0]}, f_namelen=255, f_frsize=4096, f_flags=ST_VALID|ST_RDONLY|ST_RELATIME}) = 0
fstat(1, {st_mode=S_IFCHR|0620, st_rdev=makedev(136, 0), ...}) = 0
write(1, "Filesystem     1K-blocks      Us"..., 61) = 61
write(1, "overlay         61255652   16077"..., 52) = 52
write(1, "tmpfs              65536        "..., 55) = 55
write(1, "tmpfs            1023504        "..., 65) = 65
write(1, "shm                65536        "..., 59) = 59
write(1, "//10.0.75.1/C  536167420 2228872"..., 57) = 57
write(1, "/dev/sda1       61255652   16077"..., 61) = 61
write(1, "tmpfs            1023504        "..., 61) = 61
write(1, "tmpfs            1023504        "..., 64) = 64
close(1)                                = 0
close(2)                                = 0
exit_group(0)                           = ?
+++ exited with 0 +++
