execve("/usr/bin/du", ["du"], 0x7ffc3a3b64a0 /* 11 vars */) = 0
brk(NULL)                               = 0x5628f6c43000
access("/etc/ld.so.nohwcap", F_OK)      = -1 ENOENT (No such file or directory)
access("/etc/ld.so.preload", R_OK)      = -1 ENOENT (No such file or directory)
openat(AT_FDCWD, "/etc/ld.so.cache", O_RDONLY|O_CLOEXEC) = 3
fstat(3, {st_mode=S_IFREG|0644, st_size=11270, ...}) = 0
mmap(NULL, 11270, PROT_READ, MAP_PRIVATE, 3, 0) = 0x7fea768be000
close(3)                                = 0
access("/etc/ld.so.nohwcap", F_OK)      = -1 ENOENT (No such file or directory)
openat(AT_FDCWD, "/lib/x86_64-linux-gnu/libc.so.6", O_RDONLY|O_CLOEXEC) = 3
read(3, "\177ELF\2\1\1\3\0\0\0\0\0\0\0\0\3\0>\0\1\0\0\0\260\34\2\0\0\0\0\0"..., 832) = 832
fstat(3, {st_mode=S_IFREG|0755, st_size=2030544, ...}) = 0
mmap(NULL, 8192, PROT_READ|PROT_WRITE, MAP_PRIVATE|MAP_ANONYMOUS, -1, 0) = 0x7fea768bc000
mmap(NULL, 4131552, PROT_READ|PROT_EXEC, MAP_PRIVATE|MAP_DENYWRITE, 3, 0) = 0x7fea762a9000
mprotect(0x7fea76490000, 2097152, PROT_NONE) = 0
mmap(0x7fea76690000, 24576, PROT_READ|PROT_WRITE, MAP_PRIVATE|MAP_FIXED|MAP_DENYWRITE, 3, 0x1e7000) = 0x7fea76690000
mmap(0x7fea76696000, 15072, PROT_READ|PROT_WRITE, MAP_PRIVATE|MAP_FIXED|MAP_ANONYMOUS, -1, 0) = 0x7fea76696000
close(3)                                = 0
arch_prctl(ARCH_SET_FS, 0x7fea768bd540) = 0
mprotect(0x7fea76690000, 16384, PROT_READ) = 0
mprotect(0x5628f5524000, 4096, PROT_READ) = 0
mprotect(0x7fea768c1000, 4096, PROT_READ) = 0
munmap(0x7fea768be000, 11270)           = 0
brk(NULL)                               = 0x5628f6c43000
brk(0x5628f6c64000)                     = 0x5628f6c64000
newfstatat(AT_FDCWD, ".", {st_mode=S_IFDIR|0777, st_size=8192, ...}, AT_SYMLINK_NOFOLLOW) = 0
openat(AT_FDCWD, ".", O_RDONLY|O_NOCTTY|O_NONBLOCK|O_NOFOLLOW|O_CLOEXEC|O_DIRECTORY) = 3
fstat(3, {st_mode=S_IFDIR|0777, st_size=8192, ...}) = 0
fcntl(3, F_GETFL)                       = 0x38800 (flags O_RDONLY|O_NONBLOCK|O_LARGEFILE|O_NOFOLLOW|O_DIRECTORY)
fcntl(3, F_SETFD, FD_CLOEXEC)           = 0
newfstatat(AT_FDCWD, ".", {st_mode=S_IFDIR|0777, st_size=8192, ...}, AT_SYMLINK_NOFOLLOW) = 0
fstatfs(-100, 0x7ffc9467e740)           = -1 EBADF (Bad file descriptor)
fcntl(3, F_DUPFD_CLOEXEC, 3)            = 4
getdents(3, /* 23 entries */, 32768)    = 736
getdents(3, /* 0 entries */, 32768)     = 0
close(3)                                = 0
newfstatat(4, "a.trace", {st_mode=S_IFREG|0755, st_size=6395, ...}, AT_SYMLINK_NOFOLLOW) = 0
newfstatat(4, "arp.trace", {st_mode=S_IFREG|0755, st_size=0, ...}, AT_SYMLINK_NOFOLLOW) = 0
newfstatat(4, "df.trace", {st_mode=S_IFREG|0755, st_size=10260, ...}, AT_SYMLINK_NOFOLLOW) = 0
newfstatat(4, "Dockerfile", {st_mode=S_IFREG|0755, st_size=58, ...}, AT_SYMLINK_NOFOLLOW) = 0
newfstatat(4, "du.trace", {st_mode=S_IFREG|0755, st_size=2798, ...}, AT_SYMLINK_NOFOLLOW) = 0
newfstatat(4, "env.trace", {st_mode=S_IFREG|0755, st_size=2482, ...}, AT_SYMLINK_NOFOLLOW) = 0
newfstatat(4, "free.trace", {st_mode=S_IFREG|0755, st_size=9784, ...}, AT_SYMLINK_NOFOLLOW) = 0
newfstatat(4, "ftp.trace", {st_mode=S_IFREG|0755, st_size=0, ...}, AT_SYMLINK_NOFOLLOW) = 0
newfstatat(4, "info.trace", {st_mode=S_IFREG|0755, st_size=0, ...}, AT_SYMLINK_NOFOLLOW) = 0
newfstatat(4, "last.trace", {st_mode=S_IFREG|0755, st_size=4921, ...}, AT_SYMLINK_NOFOLLOW) = 0
newfstatat(4, "man.trace", {st_mode=S_IFREG|0755, st_size=0, ...}, AT_SYMLINK_NOFOLLOW) = 0
newfstatat(4, "netstat.trace", {st_mode=S_IFREG|0755, st_size=0, ...}, AT_SYMLINK_NOFOLLOW) = 0
newfstatat(4, "pkill.trace", {st_mode=S_IFREG|0755, st_size=9338, ...}, AT_SYMLINK_NOFOLLOW) = 0
newfstatat(4, "pmap.trace", {st_mode=S_IFREG|0755, st_size=10286, ...}, AT_SYMLINK_NOFOLLOW) = 0
newfstatat(4, "ps.trace", {st_mode=S_IFREG|0755, st_size=15911, ...}, AT_SYMLINK_NOFOLLOW) = 0
newfstatat(4, "service.trace", {st_mode=S_IFREG|0755, st_size=4618, ...}, AT_SYMLINK_NOFOLLOW) = 0
newfstatat(4, "sftp.trace", {st_mode=S_IFREG|0755, st_size=6219, ...}, AT_SYMLINK_NOFOLLOW) = 0
newfstatat(4, "top.trace", {st_mode=S_IFREG|0755, st_size=805454, ...}, AT_SYMLINK_NOFOLLOW) = 0
newfstatat(4, "uptime.trace", {st_mode=S_IFREG|0755, st_size=10537, ...}, AT_SYMLINK_NOFOLLOW) = 0
newfstatat(4, "users.trace", {st_mode=S_IFREG|0755, st_size=2665, ...}, AT_SYMLINK_NOFOLLOW) = 0
newfstatat(4, "wget.trace", {st_mode=S_IFREG|0755, st_size=0, ...}, AT_SYMLINK_NOFOLLOW) = 0
close(4)                                = 0
fstat(1, {st_mode=S_IFCHR|0620, st_rdev=makedev(136, 0), ...}) = 0
write(1, "125\t.\n", 6)                 = 6
close(1)                                = 0
close(2)                                = 0
exit_group(0)                           = ?
+++ exited with 0 +++
