execve("/bin/mount", ["mount"], 0x7ffc223e9fc0 /* 11 vars */) = 0
brk(NULL)                               = 0x55d0f36e1000
access("/etc/ld.so.nohwcap", F_OK)      = -1 ENOENT (No such file or directory)
access("/etc/ld.so.preload", R_OK)      = -1 ENOENT (No such file or directory)
openat(AT_FDCWD, "/etc/ld.so.cache", O_RDONLY|O_CLOEXEC) = 3
fstat(3, {st_mode=S_IFREG|0644, st_size=11270, ...}) = 0
mmap(NULL, 11270, PROT_READ, MAP_PRIVATE, 3, 0) = 0x7f3972523000
close(3)                                = 0
access("/etc/ld.so.nohwcap", F_OK)      = -1 ENOENT (No such file or directory)
openat(AT_FDCWD, "/lib/x86_64-linux-gnu/libmount.so.1", O_RDONLY|O_CLOEXEC) = 3
read(3, "\177ELF\2\1\1\0\0\0\0\0\0\0\0\0\3\0>\0\1\0\0\0000\253\0\0\0\0\0\0"..., 832) = 832
fstat(3, {st_mode=S_IFREG|0644, st_size=340232, ...}) = 0
mmap(NULL, 8192, PROT_READ|PROT_WRITE, MAP_PRIVATE|MAP_ANONYMOUS, -1, 0) = 0x7f3972521000
mmap(NULL, 2440288, PROT_READ|PROT_EXEC, MAP_PRIVATE|MAP_DENYWRITE, 3, 0) = 0x7f39720ab000
mprotect(0x7f39720fc000, 2093056, PROT_NONE) = 0
mmap(0x7f39722fb000, 12288, PROT_READ|PROT_WRITE, MAP_PRIVATE|MAP_FIXED|MAP_DENYWRITE, 3, 0x50000) = 0x7f39722fb000
mmap(0x7f39722fe000, 3168, PROT_READ|PROT_WRITE, MAP_PRIVATE|MAP_FIXED|MAP_ANONYMOUS, -1, 0) = 0x7f39722fe000
close(3)                                = 0
access("/etc/ld.so.nohwcap", F_OK)      = -1 ENOENT (No such file or directory)
openat(AT_FDCWD, "/lib/x86_64-linux-gnu/libc.so.6", O_RDONLY|O_CLOEXEC) = 3
read(3, "\177ELF\2\1\1\3\0\0\0\0\0\0\0\0\3\0>\0\1\0\0\0\260\34\2\0\0\0\0\0"..., 832) = 832
fstat(3, {st_mode=S_IFREG|0755, st_size=2030544, ...}) = 0
mmap(NULL, 4131552, PROT_READ|PROT_EXEC, MAP_PRIVATE|MAP_DENYWRITE, 3, 0) = 0x7f3971cba000
mprotect(0x7f3971ea1000, 2097152, PROT_NONE) = 0
mmap(0x7f39720a1000, 24576, PROT_READ|PROT_WRITE, MAP_PRIVATE|MAP_FIXED|MAP_DENYWRITE, 3, 0x1e7000) = 0x7f39720a1000
mmap(0x7f39720a7000, 15072, PROT_READ|PROT_WRITE, MAP_PRIVATE|MAP_FIXED|MAP_ANONYMOUS, -1, 0) = 0x7f39720a7000
close(3)                                = 0
access("/etc/ld.so.nohwcap", F_OK)      = -1 ENOENT (No such file or directory)
openat(AT_FDCWD, "/lib/x86_64-linux-gnu/libblkid.so.1", O_RDONLY|O_CLOEXEC) = 3
read(3, "\177ELF\2\1\1\0\0\0\0\0\0\0\0\0\3\0>\0\1\0\0\0000\230\0\0\0\0\0\0"..., 832) = 832
fstat(3, {st_mode=S_IFREG|0644, st_size=311720, ...}) = 0
mmap(NULL, 2411776, PROT_READ|PROT_EXEC, MAP_PRIVATE|MAP_DENYWRITE, 3, 0) = 0x7f3971a6d000
mprotect(0x7f3971ab4000, 2097152, PROT_NONE) = 0
mmap(0x7f3971cb4000, 20480, PROT_READ|PROT_WRITE, MAP_PRIVATE|MAP_FIXED|MAP_DENYWRITE, 3, 0x47000) = 0x7f3971cb4000
mmap(0x7f3971cb9000, 3328, PROT_READ|PROT_WRITE, MAP_PRIVATE|MAP_FIXED|MAP_ANONYMOUS, -1, 0) = 0x7f3971cb9000
close(3)                                = 0
access("/etc/ld.so.nohwcap", F_OK)      = -1 ENOENT (No such file or directory)
openat(AT_FDCWD, "/lib/x86_64-linux-gnu/libselinux.so.1", O_RDONLY|O_CLOEXEC) = 3
read(3, "\177ELF\2\1\1\0\0\0\0\0\0\0\0\0\3\0>\0\1\0\0\0\20b\0\0\0\0\0\0"..., 832) = 832
fstat(3, {st_mode=S_IFREG|0644, st_size=154832, ...}) = 0
mmap(NULL, 2259152, PROT_READ|PROT_EXEC, MAP_PRIVATE|MAP_DENYWRITE, 3, 0) = 0x7f3971845000
mprotect(0x7f397186a000, 2093056, PROT_NONE) = 0
mmap(0x7f3971a69000, 8192, PROT_READ|PROT_WRITE, MAP_PRIVATE|MAP_FIXED|MAP_DENYWRITE, 3, 0x24000) = 0x7f3971a69000
mmap(0x7f3971a6b000, 6352, PROT_READ|PROT_WRITE, MAP_PRIVATE|MAP_FIXED|MAP_ANONYMOUS, -1, 0) = 0x7f3971a6b000
close(3)                                = 0
access("/etc/ld.so.nohwcap", F_OK)      = -1 ENOENT (No such file or directory)
openat(AT_FDCWD, "/lib/x86_64-linux-gnu/librt.so.1", O_RDONLY|O_CLOEXEC) = 3
read(3, "\177ELF\2\1\1\0\0\0\0\0\0\0\0\0\3\0>\0\1\0\0\0\0\"\0\0\0\0\0\0"..., 832) = 832
fstat(3, {st_mode=S_IFREG|0644, st_size=31680, ...}) = 0
mmap(NULL, 2128864, PROT_READ|PROT_EXEC, MAP_PRIVATE|MAP_DENYWRITE, 3, 0) = 0x7f397163d000
mprotect(0x7f3971644000, 2093056, PROT_NONE) = 0
mmap(0x7f3971843000, 8192, PROT_READ|PROT_WRITE, MAP_PRIVATE|MAP_FIXED|MAP_DENYWRITE, 3, 0x6000) = 0x7f3971843000
close(3)                                = 0
access("/etc/ld.so.nohwcap", F_OK)      = -1 ENOENT (No such file or directory)
openat(AT_FDCWD, "/lib/x86_64-linux-gnu/libuuid.so.1", O_RDONLY|O_CLOEXEC) = 3
read(3, "\177ELF\2\1\1\0\0\0\0\0\0\0\0\0\3\0>\0\1\0\0\0@\26\0\0\0\0\0\0"..., 832) = 832
fstat(3, {st_mode=S_IFREG|0644, st_size=27112, ...}) = 0
mmap(NULL, 2122112, PROT_READ|PROT_EXEC, MAP_PRIVATE|MAP_DENYWRITE, 3, 0) = 0x7f3971436000
mprotect(0x7f397143c000, 2093056, PROT_NONE) = 0
mmap(0x7f397163b000, 8192, PROT_READ|PROT_WRITE, MAP_PRIVATE|MAP_FIXED|MAP_DENYWRITE, 3, 0x5000) = 0x7f397163b000
close(3)                                = 0
access("/etc/ld.so.nohwcap", F_OK)      = -1 ENOENT (No such file or directory)
openat(AT_FDCWD, "/lib/x86_64-linux-gnu/libpcre.so.3", O_RDONLY|O_CLOEXEC) = 3
read(3, "\177ELF\2\1\1\0\0\0\0\0\0\0\0\0\3\0>\0\1\0\0\0 \25\0\0\0\0\0\0"..., 832) = 832
fstat(3, {st_mode=S_IFREG|0644, st_size=464824, ...}) = 0
mmap(NULL, 8192, PROT_READ|PROT_WRITE, MAP_PRIVATE|MAP_ANONYMOUS, -1, 0) = 0x7f397251f000
mmap(NULL, 2560264, PROT_READ|PROT_EXEC, MAP_PRIVATE|MAP_DENYWRITE, 3, 0) = 0x7f39711c4000
mprotect(0x7f3971234000, 2097152, PROT_NONE) = 0
mmap(0x7f3971434000, 8192, PROT_READ|PROT_WRITE, MAP_PRIVATE|MAP_FIXED|MAP_DENYWRITE, 3, 0x70000) = 0x7f3971434000
close(3)                                = 0
access("/etc/ld.so.nohwcap", F_OK)      = -1 ENOENT (No such file or directory)
openat(AT_FDCWD, "/lib/x86_64-linux-gnu/libdl.so.2", O_RDONLY|O_CLOEXEC) = 3
read(3, "\177ELF\2\1\1\0\0\0\0\0\0\0\0\0\3\0>\0\1\0\0\0P\16\0\0\0\0\0\0"..., 832) = 832
fstat(3, {st_mode=S_IFREG|0644, st_size=14560, ...}) = 0
mmap(NULL, 2109712, PROT_READ|PROT_EXEC, MAP_PRIVATE|MAP_DENYWRITE, 3, 0) = 0x7f3970fc0000
mprotect(0x7f3970fc3000, 2093056, PROT_NONE) = 0
mmap(0x7f39711c2000, 8192, PROT_READ|PROT_WRITE, MAP_PRIVATE|MAP_FIXED|MAP_DENYWRITE, 3, 0x2000) = 0x7f39711c2000
close(3)                                = 0
access("/etc/ld.so.nohwcap", F_OK)      = -1 ENOENT (No such file or directory)
openat(AT_FDCWD, "/lib/x86_64-linux-gnu/libpthread.so.0", O_RDONLY|O_CLOEXEC) = 3
read(3, "\177ELF\2\1\1\0\0\0\0\0\0\0\0\0\3\0>\0\1\0\0\0000b\0\0\0\0\0\0"..., 832) = 832
fstat(3, {st_mode=S_IFREG|0755, st_size=144976, ...}) = 0
mmap(NULL, 2221184, PROT_READ|PROT_EXEC, MAP_PRIVATE|MAP_DENYWRITE, 3, 0) = 0x7f3970da1000
mprotect(0x7f3970dbb000, 2093056, PROT_NONE) = 0
mmap(0x7f3970fba000, 8192, PROT_READ|PROT_WRITE, MAP_PRIVATE|MAP_FIXED|MAP_DENYWRITE, 3, 0x19000) = 0x7f3970fba000
mmap(0x7f3970fbc000, 13440, PROT_READ|PROT_WRITE, MAP_PRIVATE|MAP_FIXED|MAP_ANONYMOUS, -1, 0) = 0x7f3970fbc000
close(3)                                = 0
mmap(NULL, 8192, PROT_READ|PROT_WRITE, MAP_PRIVATE|MAP_ANONYMOUS, -1, 0) = 0x7f397251d000
arch_prctl(ARCH_SET_FS, 0x7f397251e080) = 0
mprotect(0x7f39720a1000, 16384, PROT_READ) = 0
mprotect(0x7f3970fba000, 4096, PROT_READ) = 0
mprotect(0x7f39711c2000, 4096, PROT_READ) = 0
mprotect(0x7f3971434000, 4096, PROT_READ) = 0
mprotect(0x7f397163b000, 4096, PROT_READ) = 0
mprotect(0x7f3971843000, 4096, PROT_READ) = 0
mprotect(0x7f3971a69000, 4096, PROT_READ) = 0
mprotect(0x7f3971cb4000, 16384, PROT_READ) = 0
mprotect(0x7f39722fb000, 8192, PROT_READ) = 0
mprotect(0x55d0f2429000, 4096, PROT_READ) = 0
mprotect(0x7f3972526000, 4096, PROT_READ) = 0
munmap(0x7f3972523000, 11270)           = 0
set_tid_address(0x7f397251e350)         = 69
set_robust_list(0x7f397251e360, 24)     = 0
rt_sigaction(SIGRTMIN, {sa_handler=0x7f3970da6cb0, sa_mask=[], sa_flags=SA_RESTORER|SA_SIGINFO, sa_restorer=0x7f3970db3890}, NULL, 8) = 0
rt_sigaction(SIGRT_1, {sa_handler=0x7f3970da6d50, sa_mask=[], sa_flags=SA_RESTORER|SA_RESTART|SA_SIGINFO, sa_restorer=0x7f3970db3890}, NULL, 8) = 0
rt_sigprocmask(SIG_UNBLOCK, [RTMIN RT_1], NULL, 8) = 0
prlimit64(0, RLIMIT_STACK, NULL, {rlim_cur=8192*1024, rlim_max=RLIM64_INFINITY}) = 0
statfs("/sys/fs/selinux", 0x7ffdfc282ce0) = -1 ENOENT (No such file or directory)
statfs("/selinux", 0x7ffdfc282ce0)      = -1 ENOENT (No such file or directory)
brk(NULL)                               = 0x55d0f36e1000
brk(0x55d0f3702000)                     = 0x55d0f3702000
openat(AT_FDCWD, "/proc/filesystems", O_RDONLY|O_CLOEXEC) = 3
fstat(3, {st_mode=S_IFREG|0444, st_size=0, ...}) = 0
read(3, "nodev\tsysfs\nnodev\trootfs\nnodev\tr"..., 1024) = 440
read(3, "", 1024)                       = 0
close(3)                                = 0
access("/etc/selinux/config", F_OK)     = -1 ENOENT (No such file or directory)
getuid()                                = 0
geteuid()                               = 0
getuid()                                = 0
geteuid()                               = 0
getgid()                                = 0
getegid()                               = 0
prctl(PR_GET_DUMPABLE)                  = 1 (SUID_DUMP_USER)
stat("/run", {st_mode=S_IFDIR|0755, st_size=4096, ...}) = 0
openat(AT_FDCWD, "/proc/self/mountinfo", O_RDONLY|O_CLOEXEC) = 3
fstat(3, {st_mode=S_IFREG|0444, st_size=0, ...}) = 0
read(3, "512 355 0:116 / / rw,relatime ma"..., 1024) = 1024
lstat("/proc", {st_mode=S_IFDIR|0555, st_size=0, ...}) = 0
lstat("/proc/self", {st_mode=S_IFLNK|0777, st_size=0, ...}) = 0
readlink("/proc/self", "69", 4095)      = 2
lstat("/proc/69", {st_mode=S_IFDIR|0555, st_size=0, ...}) = 0
lstat("/proc/69/mountinfo", {st_mode=S_IFREG|0444, st_size=0, ...}) = 0
read(3, "nosuid,nodev,noexec,relatime - s"..., 1024) = 1024
read(3, "er/d2350e109e27900af75414784b8e0"..., 1024) = 1024
read(3, "atime master:28 - cgroup hugetlb"..., 1024) = 1024
read(3, "355e1fc85c6199/resolv.conf /etc/"..., 1024) = 1024
read(3, "55\n388 513 0:119 /null /proc/tim"..., 1024) = 233
read(3, "", 1024)                       = 0
close(3)                                = 0
getuid()                                = 0
geteuid()                               = 0
getgid()                                = 0
getegid()                               = 0
prctl(PR_GET_DUMPABLE)                  = 1 (SUID_DUMP_USER)
stat("/run", {st_mode=S_IFDIR|0755, st_size=4096, ...}) = 0
stat("/run/mount/utab", {st_mode=S_IFREG|0644, st_size=0, ...}) = 0
fstat(1, {st_mode=S_IFCHR|0620, st_rdev=makedev(136, 0), ...}) = 0
write(1, "overlay on / type overlay (rw,re"..., 742) = 742
write(1, "proc on /proc type proc (rw,nosu"..., 58) = 58
write(1, "tmpfs on /dev type tmpfs (rw,nos"..., 58) = 58
write(1, "devpts on /dev/pts type devpts ("..., 87) = 87
write(1, "sysfs on /sys type sysfs (ro,nos"..., 59) = 59
write(1, "tmpfs on /sys/fs/cgroup type tmp"..., 78) = 78
write(1, "cpuset on /sys/fs/cgroup/cpuset "..., 85) = 85
write(1, "cpu on /sys/fs/cgroup/cpu type c"..., 76) = 76
write(1, "cpuacct on /sys/fs/cgroup/cpuacc"..., 88) = 88
write(1, "blkio on /sys/fs/cgroup/blkio ty"..., 82) = 82
write(1, "memory on /sys/fs/cgroup/memory "..., 85) = 85
write(1, "devices on /sys/fs/cgroup/device"..., 88) = 88
write(1, "freezer on /sys/fs/cgroup/freeze"..., 88) = 88
write(1, "net_cls on /sys/fs/cgroup/net_cl"..., 88) = 88
write(1, "perf_event on /sys/fs/cgroup/per"..., 97) = 97
write(1, "net_prio on /sys/fs/cgroup/net_p"..., 91) = 91
write(1, "hugetlb on /sys/fs/cgroup/hugetl"..., 88) = 88
write(1, "pids on /sys/fs/cgroup/pids type"..., 79) = 79
write(1, "cgroup on /sys/fs/cgroup/systemd"..., 92) = 92
write(1, "mqueue on /dev/mqueue type mqueu"..., 68) = 68
write(1, "shm on /dev/shm type tmpfs (rw,n"..., 73) = 73
lstat("/10.0.75.1", 0x7ffdfc282950)     = -1 ENOENT (No such file or directory)
write(1, "//10.0.75.1/C on /trace type cif"..., 318) = 318
lstat("/dev", {st_mode=S_IFDIR|0755, st_size=360, ...}) = 0
lstat("/dev/sda1", 0x7ffdfc282950)      = -1 ENOENT (No such file or directory)
write(1, "/dev/sda1 on /etc/resolv.conf ty"..., 67) = 67
lstat("/dev", {st_mode=S_IFDIR|0755, st_size=360, ...}) = 0
lstat("/dev/sda1", 0x7ffdfc282950)      = -1 ENOENT (No such file or directory)
write(1, "/dev/sda1 on /etc/hostname type "..., 64) = 64
lstat("/dev", {st_mode=S_IFDIR|0755, st_size=360, ...}) = 0
lstat("/dev/sda1", 0x7ffdfc282950)      = -1 ENOENT (No such file or directory)
write(1, "/dev/sda1 on /etc/hosts type ext"..., 61) = 61
write(1, "devpts on /dev/console type devp"..., 91) = 91
write(1, "proc on /proc/bus type proc (ro,"..., 42) = 42
write(1, "proc on /proc/fs type proc (ro,r"..., 41) = 41
write(1, "proc on /proc/irq type proc (ro,"..., 42) = 42
write(1, "proc on /proc/sys type proc (ro,"..., 42) = 42
write(1, "proc on /proc/sysrq-trigger type"..., 52) = 52
write(1, "tmpfs on /proc/acpi type tmpfs ("..., 45) = 45
write(1, "tmpfs on /proc/kcore type tmpfs "..., 65) = 65
write(1, "tmpfs on /proc/keys type tmpfs ("..., 64) = 64
write(1, "tmpfs on /proc/timer_list type t"..., 70) = 70
write(1, "tmpfs on /proc/sched_debug type "..., 71) = 71
write(1, "tmpfs on /sys/firmware type tmpf"..., 48) = 48
close(1)                                = 0
close(2)                                = 0
exit_group(0)                           = ?
+++ exited with 0 +++
